2020-03-19 14:09:18,008 INFO org.springframework.boot.StartupInfoLogger [restartedMain] Starting ShoppingappApplication on ELW4446 with PID 3612 (started by EI11333 in C:\MyBench\SBoot\Sandeep's 201)
2020-03-19 14:09:18,014 DEBUG org.springframework.boot.StartupInfoLogger [restartedMain] Running with Spring Boot v2.1.5.RELEASE, Spring v5.1.7.RELEASE
2020-03-19 14:09:18,015 INFO org.springframework.boot.SpringApplication [restartedMain] No active profile set, falling back to default profiles: default
2020-03-19 14:09:18,096 INFO org.springframework.boot.logging.DeferredLog [restartedMain] Devtools property defaults active! Set 'spring.devtools.add-properties' to 'false' to disable
2020-03-19 14:09:18,097 INFO org.springframework.boot.logging.DeferredLog [restartedMain] For additional web related logging consider setting the 'logging.level.web' property to 'DEBUG'
2020-03-19 14:09:19,958 INFO org.springframework.data.repository.config.RepositoryConfigurationDelegate [restartedMain] Bootstrapping Spring Data repositories in DEFAULT mode.
2020-03-19 14:09:20,090 INFO org.springframework.data.repository.config.RepositoryConfigurationDelegate [restartedMain] Finished Spring Data repository scanning in 119ms. Found 5 repository interfaces.
2020-03-19 14:09:21,346 INFO org.springframework.context.support.PostProcessorRegistrationDelegate$BeanPostProcessorChecker [restartedMain] Bean 'org.springframework.transaction.annotation.ProxyTransactionManagementConfiguration' of type [org.springframework.transaction.annotation.ProxyTransactionManagementConfiguration$$EnhancerBySpringCGLIB$$470d7bab] is not eligible for getting processed by all BeanPostProcessors (for example: not eligible for auto-proxying)
2020-03-19 14:09:22,084 INFO org.springframework.boot.web.embedded.tomcat.TomcatWebServer [restartedMain] Tomcat initialized with port(s): 8089 (http)
2020-03-19 14:09:22,112 INFO org.apache.juli.logging.DirectJDKLog [restartedMain] Initializing ProtocolHandler ["http-nio-8089"]
2020-03-19 14:09:22,130 INFO org.apache.juli.logging.DirectJDKLog [restartedMain] Starting service [Tomcat]
2020-03-19 14:09:22,131 INFO org.apache.juli.logging.DirectJDKLog [restartedMain] Starting Servlet engine: [Apache Tomcat/9.0.19]
2020-03-19 14:09:22,520 INFO org.apache.juli.logging.DirectJDKLog [restartedMain] Initializing Spring embedded WebApplicationContext
2020-03-19 14:09:22,522 INFO org.springframework.boot.web.servlet.context.ServletWebServerApplicationContext [restartedMain] Root WebApplicationContext: initialization completed in 4424 ms
2020-03-19 14:09:23,044 INFO com.zaxxer.hikari.HikariDataSource [restartedMain] HikariPool-1 - Starting...
2020-03-19 14:09:23,387 INFO com.zaxxer.hikari.HikariDataSource [restartedMain] HikariPool-1 - Start completed.
2020-03-19 14:09:23,582 INFO org.hibernate.jpa.internal.util.LogHelper [restartedMain] HHH000204: Processing PersistenceUnitInfo [
	name: default
	...]
2020-03-19 14:09:23,860 INFO org.hibernate.Version [restartedMain] HHH000412: Hibernate Core {5.3.10.Final}
2020-03-19 14:09:23,864 INFO org.hibernate.cfg.Environment [restartedMain] HHH000206: hibernate.properties not found
2020-03-19 14:09:24,458 INFO org.hibernate.annotations.common.reflection.java.JavaReflectionManager [restartedMain] HCANN000001: Hibernate Commons Annotations {5.0.4.Final}
2020-03-19 14:09:24,970 INFO org.hibernate.dialect.Dialect [restartedMain] HHH000400: Using dialect: org.hibernate.dialect.H2Dialect
2020-03-19 14:09:25,701 WARN org.hibernate.mapping.RootClass [restartedMain] HHH000038: Composite-id class does not override equals(): com.springboot.shoppingapp.entity.ProductCatalog
2020-03-19 14:09:25,703 WARN org.hibernate.mapping.RootClass [restartedMain] HHH000039: Composite-id class does not override hashCode(): com.springboot.shoppingapp.entity.ProductCatalog
2020-03-19 14:09:26,820 INFO org.hibernate.tool.schema.internal.SchemaCreatorImpl [restartedMain] HHH000476: Executing import script 'org.hibernate.tool.schema.internal.exec.ScriptSourceInputNonExistentImpl@4018a0c7'
2020-03-19 14:09:26,828 INFO org.springframework.orm.jpa.AbstractEntityManagerFactoryBean [restartedMain] Initialized JPA EntityManagerFactory for persistence unit 'default'
2020-03-19 14:09:26,926 INFO org.springframework.boot.devtools.autoconfigure.OptionalLiveReloadServer [restartedMain] LiveReload server is running on port 35729
2020-03-19 14:09:27,958 WARN org.springframework.boot.autoconfigure.orm.jpa.JpaBaseConfiguration$JpaWebConfiguration$JpaWebMvcConfiguration [restartedMain] spring.jpa.open-in-view is enabled by default. Therefore, database queries may be performed during view rendering. Explicitly configure spring.jpa.open-in-view to disable this warning
2020-03-19 14:09:28,157 INFO springfox.documentation.spring.web.PropertySourcedRequestMappingHandlerMapping [restartedMain] Mapped URL path [/v2/api-docs] onto method [public org.springframework.http.ResponseEntity<springfox.documentation.spring.web.json.Json> springfox.documentation.swagger2.web.Swagger2Controller.getDocumentation(java.lang.String,javax.servlet.http.HttpServletRequest)]
2020-03-19 14:09:28,404 INFO org.springframework.scheduling.concurrent.ExecutorConfigurationSupport [restartedMain] Initializing ExecutorService 'applicationTaskExecutor'
2020-03-19 14:09:29,037 INFO springfox.documentation.spring.web.plugins.DocumentationPluginsBootstrapper [restartedMain] Context refreshed
2020-03-19 14:09:29,072 INFO springfox.documentation.spring.web.plugins.DocumentationPluginsBootstrapper [restartedMain] Found 1 custom documentation plugin(s)
2020-03-19 14:09:29,133 INFO springfox.documentation.spring.web.scanners.ApiListingReferenceScanner [restartedMain] Scanning for api listing references
2020-03-19 14:09:29,401 INFO springfox.documentation.spring.web.readers.operation.CachingOperationNameGenerator [restartedMain] Generating unique operation named: findAllUsingGET_1
2020-03-19 14:09:29,445 INFO org.apache.juli.logging.DirectJDKLog [restartedMain] Starting ProtocolHandler ["http-nio-8089"]
2020-03-19 14:09:29,478 INFO org.springframework.boot.web.embedded.tomcat.TomcatWebServer [restartedMain] Tomcat started on port(s): 8089 (http) with context path ''
2020-03-19 14:09:29,483 INFO org.springframework.boot.StartupInfoLogger [restartedMain] Started ShoppingappApplication in 12.49 seconds (JVM running for 14.92)
2020-03-19 14:10:03,061 INFO org.apache.juli.logging.DirectJDKLog [http-nio-8089-exec-1] Initializing Spring DispatcherServlet 'dispatcherServlet'
2020-03-19 14:10:03,061 INFO org.springframework.web.servlet.FrameworkServlet [http-nio-8089-exec-1] Initializing Servlet 'dispatcherServlet'
2020-03-19 14:10:03,077 INFO org.springframework.web.servlet.FrameworkServlet [http-nio-8089-exec-1] Completed initialization in 15 ms
2020-03-19 14:10:03,153 DEBUG com.springboot.shoppingapp.controller.ShoppingController [http-nio-8089-exec-1] findAll()
2020-03-19 14:10:03,153 DEBUG com.springboot.shoppingapp.service.impl.UserServiceImpl [http-nio-8089-exec-1] getAll()
2020-03-19 14:10:03,247 INFO org.hibernate.hql.internal.QueryTranslatorFactoryInitiator [http-nio-8089-exec-1] HHH000397: Using ASTQueryTranslatorFactory
2020-03-19 14:10:05,931 DEBUG com.springboot.shoppingapp.controller.ShoppingController [http-nio-8089-exec-2] showCart(1)
2020-03-19 14:10:05,932 DEBUG com.springboot.shoppingapp.service.impl.UserServiceImpl [http-nio-8089-exec-2] viewCart(1)
2020-03-19 14:10:08,142 DEBUG com.springboot.shoppingapp.controller.ShoppingController [http-nio-8089-exec-3] findAll()
2020-03-19 14:10:08,143 DEBUG com.springboot.shoppingapp.service.impl.UserServiceImpl [http-nio-8089-exec-3] getAll()
2020-03-19 14:10:09,755 DEBUG com.springboot.shoppingapp.controller.ShoppingController [http-nio-8089-exec-4] showCart(2)
2020-03-19 14:10:09,756 DEBUG com.springboot.shoppingapp.service.impl.UserServiceImpl [http-nio-8089-exec-4] viewCart(2)
2020-03-19 14:10:11,445 DEBUG com.springboot.shoppingapp.controller.ShoppingController [http-nio-8089-exec-5] findAll()
2020-03-19 14:10:11,446 DEBUG com.springboot.shoppingapp.service.impl.UserServiceImpl [http-nio-8089-exec-5] getAll()
2020-03-19 14:10:12,822 DEBUG com.springboot.shoppingapp.controller.ShoppingController [http-nio-8089-exec-6] showCart(3)
2020-03-19 14:10:12,823 DEBUG com.springboot.shoppingapp.service.impl.UserServiceImpl [http-nio-8089-exec-6] viewCart(3)
2020-03-19 14:10:21,853 DEBUG com.springboot.shoppingapp.controller.ShoppingController [http-nio-8089-exec-7] findAll()
2020-03-19 14:10:21,855 DEBUG com.springboot.shoppingapp.service.impl.UserServiceImpl [http-nio-8089-exec-7] getAll()
2020-03-19 14:13:26,579 INFO org.springframework.boot.StartupInfoLogger [restartedMain] Starting ShoppingappApplication on ELW4446 with PID 31172 (started by EI11333 in C:\MyBench\SBoot\Sandeep's 201)
2020-03-19 14:13:26,584 DEBUG org.springframework.boot.StartupInfoLogger [restartedMain] Running with Spring Boot v2.1.5.RELEASE, Spring v5.1.7.RELEASE
2020-03-19 14:13:26,586 INFO org.springframework.boot.SpringApplication [restartedMain] No active profile set, falling back to default profiles: default
2020-03-19 14:13:26,696 INFO org.springframework.boot.logging.DeferredLog [restartedMain] Devtools property defaults active! Set 'spring.devtools.add-properties' to 'false' to disable
2020-03-19 14:13:26,696 INFO org.springframework.boot.logging.DeferredLog [restartedMain] For additional web related logging consider setting the 'logging.level.web' property to 'DEBUG'
2020-03-19 14:13:28,904 INFO org.springframework.data.repository.config.RepositoryConfigurationDelegate [restartedMain] Bootstrapping Spring Data repositories in DEFAULT mode.
2020-03-19 14:13:29,214 INFO org.springframework.data.repository.config.RepositoryConfigurationDelegate [restartedMain] Finished Spring Data repository scanning in 275ms. Found 5 repository interfaces.
2020-03-19 14:13:31,432 INFO org.springframework.context.support.PostProcessorRegistrationDelegate$BeanPostProcessorChecker [restartedMain] Bean 'org.springframework.transaction.annotation.ProxyTransactionManagementConfiguration' of type [org.springframework.transaction.annotation.ProxyTransactionManagementConfiguration$$EnhancerBySpringCGLIB$$aff33240] is not eligible for getting processed by all BeanPostProcessors (for example: not eligible for auto-proxying)
2020-03-19 14:13:32,871 INFO org.springframework.boot.web.embedded.tomcat.TomcatWebServer [restartedMain] Tomcat initialized with port(s): 8089 (http)
2020-03-19 14:13:32,941 INFO org.apache.juli.logging.DirectJDKLog [restartedMain] Initializing ProtocolHandler ["http-nio-8089"]
2020-03-19 14:13:32,966 INFO org.apache.juli.logging.DirectJDKLog [restartedMain] Starting service [Tomcat]
2020-03-19 14:13:32,968 INFO org.apache.juli.logging.DirectJDKLog [restartedMain] Starting Servlet engine: [Apache Tomcat/9.0.19]
2020-03-19 14:13:33,309 INFO org.apache.juli.logging.DirectJDKLog [restartedMain] Initializing Spring embedded WebApplicationContext
2020-03-19 14:13:33,309 INFO org.springframework.boot.web.servlet.context.ServletWebServerApplicationContext [restartedMain] Root WebApplicationContext: initialization completed in 6613 ms
2020-03-19 14:13:33,660 INFO com.zaxxer.hikari.HikariDataSource [restartedMain] HikariPool-1 - Starting...
2020-03-19 14:13:33,834 INFO com.zaxxer.hikari.HikariDataSource [restartedMain] HikariPool-1 - Start completed.
2020-03-19 14:13:33,997 INFO org.hibernate.jpa.internal.util.LogHelper [restartedMain] HHH000204: Processing PersistenceUnitInfo [
	name: default
	...]
2020-03-19 14:13:34,109 INFO org.hibernate.Version [restartedMain] HHH000412: Hibernate Core {5.3.10.Final}
2020-03-19 14:13:34,111 INFO org.hibernate.cfg.Environment [restartedMain] HHH000206: hibernate.properties not found
2020-03-19 14:13:34,443 INFO org.hibernate.annotations.common.reflection.java.JavaReflectionManager [restartedMain] HCANN000001: Hibernate Commons Annotations {5.0.4.Final}
2020-03-19 14:13:34,648 INFO org.hibernate.dialect.Dialect [restartedMain] HHH000400: Using dialect: org.hibernate.dialect.H2Dialect
2020-03-19 14:13:35,026 WARN org.hibernate.mapping.RootClass [restartedMain] HHH000038: Composite-id class does not override equals(): com.springboot.shoppingapp.entity.ProductCatalog
2020-03-19 14:13:35,027 WARN org.hibernate.mapping.RootClass [restartedMain] HHH000039: Composite-id class does not override hashCode(): com.springboot.shoppingapp.entity.ProductCatalog
2020-03-19 14:13:36,487 INFO org.hibernate.tool.schema.internal.SchemaCreatorImpl [restartedMain] HHH000476: Executing import script 'org.hibernate.tool.schema.internal.exec.ScriptSourceInputNonExistentImpl@4a561c3a'
2020-03-19 14:13:36,503 INFO org.springframework.orm.jpa.AbstractEntityManagerFactoryBean [restartedMain] Initialized JPA EntityManagerFactory for persistence unit 'default'
2020-03-19 14:13:36,691 INFO org.springframework.boot.devtools.autoconfigure.OptionalLiveReloadServer [restartedMain] LiveReload server is running on port 35729
2020-03-19 14:13:37,963 WARN org.springframework.boot.autoconfigure.orm.jpa.JpaBaseConfiguration$JpaWebConfiguration$JpaWebMvcConfiguration [restartedMain] spring.jpa.open-in-view is enabled by default. Therefore, database queries may be performed during view rendering. Explicitly configure spring.jpa.open-in-view to disable this warning
2020-03-19 14:13:38,166 INFO springfox.documentation.spring.web.PropertySourcedRequestMappingHandlerMapping [restartedMain] Mapped URL path [/v2/api-docs] onto method [public org.springframework.http.ResponseEntity<springfox.documentation.spring.web.json.Json> springfox.documentation.swagger2.web.Swagger2Controller.getDocumentation(java.lang.String,javax.servlet.http.HttpServletRequest)]
2020-03-19 14:13:38,569 INFO org.springframework.scheduling.concurrent.ExecutorConfigurationSupport [restartedMain] Initializing ExecutorService 'applicationTaskExecutor'
2020-03-19 14:13:39,367 INFO springfox.documentation.spring.web.plugins.DocumentationPluginsBootstrapper [restartedMain] Context refreshed
2020-03-19 14:13:39,402 INFO springfox.documentation.spring.web.plugins.DocumentationPluginsBootstrapper [restartedMain] Found 1 custom documentation plugin(s)
2020-03-19 14:13:39,468 INFO springfox.documentation.spring.web.scanners.ApiListingReferenceScanner [restartedMain] Scanning for api listing references
2020-03-19 14:13:39,799 INFO springfox.documentation.spring.web.readers.operation.CachingOperationNameGenerator [restartedMain] Generating unique operation named: findAllUsingGET_1
2020-03-19 14:13:39,853 INFO org.apache.juli.logging.DirectJDKLog [restartedMain] Starting ProtocolHandler ["http-nio-8089"]
2020-03-19 14:13:39,891 INFO org.springframework.boot.web.embedded.tomcat.TomcatWebServer [restartedMain] Tomcat started on port(s): 8089 (http) with context path ''
2020-03-19 14:13:39,896 INFO org.springframework.boot.StartupInfoLogger [restartedMain] Started ShoppingappApplication in 14.362 seconds (JVM running for 16.099)
2020-03-19 14:13:50,500 INFO org.apache.juli.logging.DirectJDKLog [http-nio-8089-exec-1] Initializing Spring DispatcherServlet 'dispatcherServlet'
2020-03-19 14:13:50,502 INFO org.springframework.web.servlet.FrameworkServlet [http-nio-8089-exec-1] Initializing Servlet 'dispatcherServlet'
2020-03-19 14:13:50,517 INFO org.springframework.web.servlet.FrameworkServlet [http-nio-8089-exec-1] Completed initialization in 15 ms
2020-03-19 14:18:12,767 INFO org.springframework.boot.StartupInfoLogger [restartedMain] Starting ShoppingappApplication on ELW4446 with PID 32244 (started by EI11333 in C:\MyBench\SBoot\Sandeep's 201)
2020-03-19 14:18:12,775 DEBUG org.springframework.boot.StartupInfoLogger [restartedMain] Running with Spring Boot v2.1.5.RELEASE, Spring v5.1.7.RELEASE
2020-03-19 14:18:12,778 INFO org.springframework.boot.SpringApplication [restartedMain] No active profile set, falling back to default profiles: default
2020-03-19 14:18:12,937 INFO org.springframework.boot.logging.DeferredLog [restartedMain] Devtools property defaults active! Set 'spring.devtools.add-properties' to 'false' to disable
2020-03-19 14:18:12,938 INFO org.springframework.boot.logging.DeferredLog [restartedMain] For additional web related logging consider setting the 'logging.level.web' property to 'DEBUG'
2020-03-19 14:18:14,730 INFO org.springframework.data.repository.config.RepositoryConfigurationDelegate [restartedMain] Bootstrapping Spring Data repositories in DEFAULT mode.
2020-03-19 14:18:14,900 INFO org.springframework.data.repository.config.RepositoryConfigurationDelegate [restartedMain] Finished Spring Data repository scanning in 149ms. Found 5 repository interfaces.
2020-03-19 14:18:16,859 INFO org.springframework.context.support.PostProcessorRegistrationDelegate$BeanPostProcessorChecker [restartedMain] Bean 'org.springframework.transaction.annotation.ProxyTransactionManagementConfiguration' of type [org.springframework.transaction.annotation.ProxyTransactionManagementConfiguration$$EnhancerBySpringCGLIB$$f15189e4] is not eligible for getting processed by all BeanPostProcessors (for example: not eligible for auto-proxying)
2020-03-19 14:18:18,197 INFO org.springframework.boot.web.embedded.tomcat.TomcatWebServer [restartedMain] Tomcat initialized with port(s): 8089 (http)
2020-03-19 14:18:18,260 INFO org.apache.juli.logging.DirectJDKLog [restartedMain] Initializing ProtocolHandler ["http-nio-8089"]
2020-03-19 14:18:18,301 INFO org.apache.juli.logging.DirectJDKLog [restartedMain] Starting service [Tomcat]
2020-03-19 14:18:18,302 INFO org.apache.juli.logging.DirectJDKLog [restartedMain] Starting Servlet engine: [Apache Tomcat/9.0.19]
2020-03-19 14:18:18,773 INFO org.apache.juli.logging.DirectJDKLog [restartedMain] Initializing Spring embedded WebApplicationContext
2020-03-19 14:18:18,774 INFO org.springframework.boot.web.servlet.context.ServletWebServerApplicationContext [restartedMain] Root WebApplicationContext: initialization completed in 5834 ms
2020-03-19 14:18:19,369 INFO com.zaxxer.hikari.HikariDataSource [restartedMain] HikariPool-1 - Starting...
2020-03-19 14:18:19,673 INFO com.zaxxer.hikari.HikariDataSource [restartedMain] HikariPool-1 - Start completed.
2020-03-19 14:18:19,744 INFO org.hibernate.jpa.internal.util.LogHelper [restartedMain] HHH000204: Processing PersistenceUnitInfo [
	name: default
	...]
2020-03-19 14:18:19,850 INFO org.hibernate.Version [restartedMain] HHH000412: Hibernate Core {5.3.10.Final}
2020-03-19 14:18:19,853 INFO org.hibernate.cfg.Environment [restartedMain] HHH000206: hibernate.properties not found
2020-03-19 14:18:20,069 INFO org.hibernate.annotations.common.reflection.java.JavaReflectionManager [restartedMain] HCANN000001: Hibernate Commons Annotations {5.0.4.Final}
2020-03-19 14:18:20,280 INFO org.hibernate.dialect.Dialect [restartedMain] HHH000400: Using dialect: org.hibernate.dialect.H2Dialect
2020-03-19 14:18:20,710 WARN org.hibernate.mapping.RootClass [restartedMain] HHH000038: Composite-id class does not override equals(): com.springboot.shoppingapp.entity.ProductCatalog
2020-03-19 14:18:20,711 WARN org.hibernate.mapping.RootClass [restartedMain] HHH000039: Composite-id class does not override hashCode(): com.springboot.shoppingapp.entity.ProductCatalog
2020-03-19 14:18:21,507 INFO org.hibernate.tool.schema.internal.SchemaCreatorImpl [restartedMain] HHH000476: Executing import script 'org.hibernate.tool.schema.internal.exec.ScriptSourceInputNonExistentImpl@627bd4a9'
2020-03-19 14:18:21,514 INFO org.springframework.orm.jpa.AbstractEntityManagerFactoryBean [restartedMain] Initialized JPA EntityManagerFactory for persistence unit 'default'
2020-03-19 14:18:21,586 INFO org.springframework.boot.devtools.autoconfigure.OptionalLiveReloadServer [restartedMain] LiveReload server is running on port 35729
2020-03-19 14:18:22,503 WARN org.springframework.boot.autoconfigure.orm.jpa.JpaBaseConfiguration$JpaWebConfiguration$JpaWebMvcConfiguration [restartedMain] spring.jpa.open-in-view is enabled by default. Therefore, database queries may be performed during view rendering. Explicitly configure spring.jpa.open-in-view to disable this warning
2020-03-19 14:18:22,734 INFO springfox.documentation.spring.web.PropertySourcedRequestMappingHandlerMapping [restartedMain] Mapped URL path [/v2/api-docs] onto method [public org.springframework.http.ResponseEntity<springfox.documentation.spring.web.json.Json> springfox.documentation.swagger2.web.Swagger2Controller.getDocumentation(java.lang.String,javax.servlet.http.HttpServletRequest)]
2020-03-19 14:18:22,933 INFO org.springframework.scheduling.concurrent.ExecutorConfigurationSupport [restartedMain] Initializing ExecutorService 'applicationTaskExecutor'
2020-03-19 14:18:23,603 INFO springfox.documentation.spring.web.plugins.DocumentationPluginsBootstrapper [restartedMain] Context refreshed
2020-03-19 14:18:23,640 INFO springfox.documentation.spring.web.plugins.DocumentationPluginsBootstrapper [restartedMain] Found 1 custom documentation plugin(s)
2020-03-19 14:18:23,698 INFO springfox.documentation.spring.web.scanners.ApiListingReferenceScanner [restartedMain] Scanning for api listing references
2020-03-19 14:18:23,998 INFO springfox.documentation.spring.web.readers.operation.CachingOperationNameGenerator [restartedMain] Generating unique operation named: findAllUsingGET_1
2020-03-19 14:18:24,058 INFO org.apache.juli.logging.DirectJDKLog [restartedMain] Starting ProtocolHandler ["http-nio-8089"]
2020-03-19 14:18:24,100 INFO org.springframework.boot.web.embedded.tomcat.TomcatWebServer [restartedMain] Tomcat started on port(s): 8089 (http) with context path ''
2020-03-19 14:18:24,104 INFO org.springframework.boot.StartupInfoLogger [restartedMain] Started ShoppingappApplication in 12.274 seconds (JVM running for 13.869)
2020-03-19 14:18:31,658 INFO org.apache.juli.logging.DirectJDKLog [http-nio-8089-exec-1] Initializing Spring DispatcherServlet 'dispatcherServlet'
2020-03-19 14:18:31,658 INFO org.springframework.web.servlet.FrameworkServlet [http-nio-8089-exec-1] Initializing Servlet 'dispatcherServlet'
2020-03-19 14:18:31,677 INFO org.springframework.web.servlet.FrameworkServlet [http-nio-8089-exec-1] Completed initialization in 18 ms
2020-03-19 14:24:31,035 INFO org.springframework.scheduling.concurrent.ExecutorConfigurationSupport [Thread-28] Shutting down ExecutorService 'applicationTaskExecutor'
2020-03-19 14:24:31,041 INFO org.springframework.orm.jpa.AbstractEntityManagerFactoryBean [Thread-28] Closing JPA EntityManagerFactory for persistence unit 'default'
2020-03-19 14:24:31,042 INFO org.hibernate.tool.schema.internal.SchemaDropperImpl$DelayedDropActionImpl [Thread-28] HHH000477: Starting delayed evictData of schema as part of SessionFactory shut-down'
2020-03-19 14:24:31,069 INFO org.springframework.beans.factory.support.DisposableBeanAdapter [Thread-28] Invocation of destroy method failed on bean with name 'inMemoryDatabaseShutdownExecutor': org.h2.jdbc.JdbcSQLNonTransientConnectionException: Database is already closed (to disable automatic closing at VM shutdown, add ";DB_CLOSE_ON_EXIT=FALSE" to the db URL) [90121-199]
2020-03-19 14:24:31,070 INFO com.zaxxer.hikari.HikariDataSource [Thread-28] HikariPool-1 - Shutdown initiated...
2020-03-19 14:24:31,074 INFO com.zaxxer.hikari.HikariDataSource [Thread-28] HikariPool-1 - Shutdown completed.
2020-03-19 14:24:31,799 INFO org.springframework.boot.StartupInfoLogger [restartedMain] Starting ShoppingappApplication on ELW4446 with PID 32244 (started by EI11333 in C:\MyBench\SBoot\Sandeep's 201)
2020-03-19 14:24:31,800 DEBUG org.springframework.boot.StartupInfoLogger [restartedMain] Running with Spring Boot v2.1.5.RELEASE, Spring v5.1.7.RELEASE
2020-03-19 14:24:31,800 INFO org.springframework.boot.SpringApplication [restartedMain] No active profile set, falling back to default profiles: default
2020-03-19 14:24:32,197 INFO org.springframework.data.repository.config.RepositoryConfigurationDelegate [restartedMain] Bootstrapping Spring Data repositories in DEFAULT mode.
2020-03-19 14:24:32,198 INFO org.springframework.data.repository.config.RepositoryConfigurationDelegate [restartedMain] Finished Spring Data repository scanning in 1ms. Found 0 repository interfaces.
2020-03-19 14:24:32,368 INFO org.springframework.context.support.PostProcessorRegistrationDelegate$BeanPostProcessorChecker [restartedMain] Bean 'org.springframework.transaction.annotation.ProxyTransactionManagementConfiguration' of type [org.springframework.transaction.annotation.ProxyTransactionManagementConfiguration$$EnhancerBySpringCGLIB$$f15189e4] is not eligible for getting processed by all BeanPostProcessors (for example: not eligible for auto-proxying)
2020-03-19 14:24:32,566 INFO org.springframework.boot.web.embedded.tomcat.TomcatWebServer [restartedMain] Tomcat initialized with port(s): 8089 (http)
2020-03-19 14:24:32,568 INFO org.apache.juli.logging.DirectJDKLog [restartedMain] Initializing ProtocolHandler ["http-nio-8089"]
2020-03-19 14:24:32,569 INFO org.apache.juli.logging.DirectJDKLog [restartedMain] Starting service [Tomcat]
2020-03-19 14:24:32,570 INFO org.apache.juli.logging.DirectJDKLog [restartedMain] Starting Servlet engine: [Apache Tomcat/9.0.19]
2020-03-19 14:24:32,599 INFO org.apache.juli.logging.DirectJDKLog [restartedMain] Initializing Spring embedded WebApplicationContext
2020-03-19 14:24:32,599 INFO org.springframework.boot.web.servlet.context.ServletWebServerApplicationContext [restartedMain] Root WebApplicationContext: initialization completed in 794 ms
2020-03-19 14:24:32,688 INFO com.zaxxer.hikari.HikariDataSource [restartedMain] HikariPool-2 - Starting...
2020-03-19 14:24:32,691 INFO com.zaxxer.hikari.HikariDataSource [restartedMain] HikariPool-2 - Start completed.
2020-03-19 14:24:32,699 INFO org.hibernate.jpa.internal.util.LogHelper [restartedMain] HHH000204: Processing PersistenceUnitInfo [
	name: default
	...]
2020-03-19 14:24:32,707 INFO org.hibernate.dialect.Dialect [restartedMain] HHH000400: Using dialect: org.hibernate.dialect.H2Dialect
2020-03-19 14:24:32,730 INFO org.hibernate.tool.schema.internal.SchemaCreatorImpl [restartedMain] HHH000476: Executing import script 'org.hibernate.tool.schema.internal.exec.ScriptSourceInputNonExistentImpl@627bd4a9'
2020-03-19 14:24:32,730 INFO org.springframework.orm.jpa.AbstractEntityManagerFactoryBean [restartedMain] Initialized JPA EntityManagerFactory for persistence unit 'default'
2020-03-19 14:24:32,752 INFO org.springframework.boot.devtools.autoconfigure.OptionalLiveReloadServer [restartedMain] LiveReload server is running on port 35729
2020-03-19 14:24:32,758 WARN org.springframework.context.support.AbstractApplicationContext [restartedMain] Exception encountered during context initialization - cancelling refresh attempt: org.springframework.beans.factory.BeanCreationException: Error creating bean with name 'entityManagerFactory' defined in class path resource [org/springframework/boot/autoconfigure/orm/jpa/HibernateJpaConfiguration.class]: Initialization of bean failed; nested exception is org.springframework.jdbc.datasource.init.ScriptStatementFailedException: Failed to execute SQL script statement #1 of URL [file:/C:/MyBench/SBoot/Sandeep's%20201/ShoppingApp/target/classes/data.sql]: INSERT INTO CART VALUES(1); nested exception is org.h2.jdbc.JdbcSQLSyntaxErrorException: Table "CART" not found; SQL statement:
INSERT INTO CART VALUES(1) [42102-199]
2020-03-19 14:24:32,760 INFO org.springframework.beans.factory.support.DisposableBeanAdapter [restartedMain] Invocation of destroy method failed on bean with name 'inMemoryDatabaseShutdownExecutor': org.h2.jdbc.JdbcSQLNonTransientConnectionException: Database is already closed (to disable automatic closing at VM shutdown, add ";DB_CLOSE_ON_EXIT=FALSE" to the db URL) [90121-199]
2020-03-19 14:24:32,760 INFO com.zaxxer.hikari.HikariDataSource [restartedMain] HikariPool-2 - Shutdown initiated...
2020-03-19 14:24:32,762 INFO com.zaxxer.hikari.HikariDataSource [restartedMain] HikariPool-2 - Shutdown completed.
2020-03-19 14:24:32,763 INFO org.apache.juli.logging.DirectJDKLog [restartedMain] Stopping service [Tomcat]
2020-03-19 14:24:32,779 INFO org.springframework.boot.autoconfigure.logging.ConditionEvaluationReportLoggingListener [restartedMain] 

Error starting ApplicationContext. To display the conditions report re-run your application with 'debug' enabled.
2020-03-19 14:24:32,801 ERROR org.springframework.boot.SpringApplication [restartedMain] Application run failed
org.springframework.beans.factory.BeanCreationException: Error creating bean with name 'entityManagerFactory' defined in class path resource [org/springframework/boot/autoconfigure/orm/jpa/HibernateJpaConfiguration.class]: Initialization of bean failed; nested exception is org.springframework.jdbc.datasource.init.ScriptStatementFailedException: Failed to execute SQL script statement #1 of URL [file:/C:/MyBench/SBoot/Sandeep's%20201/ShoppingApp/target/classes/data.sql]: INSERT INTO CART VALUES(1); nested exception is org.h2.jdbc.JdbcSQLSyntaxErrorException: Table "CART" not found; SQL statement:
INSERT INTO CART VALUES(1) [42102-199]
	at org.springframework.beans.factory.support.AbstractAutowireCapableBeanFactory.doCreateBean(AbstractAutowireCapableBeanFactory.java:601)
	at org.springframework.beans.factory.support.AbstractAutowireCapableBeanFactory.createBean(AbstractAutowireCapableBeanFactory.java:515)
	at org.springframework.beans.factory.support.AbstractBeanFactory.lambda$doGetBean$0(AbstractBeanFactory.java:320)
	at org.springframework.beans.factory.support.DefaultSingletonBeanRegistry.getSingleton(DefaultSingletonBeanRegistry.java:222)
	at org.springframework.beans.factory.support.AbstractBeanFactory.doGetBean(AbstractBeanFactory.java:318)
	at org.springframework.beans.factory.support.AbstractBeanFactory.getBean(AbstractBeanFactory.java:199)
	at org.springframework.context.support.AbstractApplicationContext.getBean(AbstractApplicationContext.java:1105)
	at org.springframework.context.support.AbstractApplicationContext.finishBeanFactoryInitialization(AbstractApplicationContext.java:867)
	at org.springframework.context.support.AbstractApplicationContext.refresh(AbstractApplicationContext.java:549)
	at org.springframework.boot.web.servlet.context.ServletWebServerApplicationContext.refresh(ServletWebServerApplicationContext.java:142)
	at org.springframework.boot.SpringApplication.refresh(SpringApplication.java:775)
	at org.springframework.boot.SpringApplication.refreshContext(SpringApplication.java:397)
	at org.springframework.boot.SpringApplication.run(SpringApplication.java:316)
	at org.springframework.boot.SpringApplication.run(SpringApplication.java:1260)
	at org.springframework.boot.SpringApplication.run(SpringApplication.java:1248)
	at com.springboot.shoppingapp.ShoppingappApplication.main(ShoppingappApplication.java:15)
	at sun.reflect.NativeMethodAccessorImpl.invoke0(Native Method)
	at sun.reflect.NativeMethodAccessorImpl.invoke(NativeMethodAccessorImpl.java:62)
	at sun.reflect.DelegatingMethodAccessorImpl.invoke(DelegatingMethodAccessorImpl.java:43)
	at java.lang.reflect.Method.invoke(Method.java:498)
	at org.springframework.boot.devtools.restart.RestartLauncher.run(RestartLauncher.java:49)
Caused by: org.springframework.jdbc.datasource.init.ScriptStatementFailedException: Failed to execute SQL script statement #1 of URL [file:/C:/MyBench/SBoot/Sandeep's%20201/ShoppingApp/target/classes/data.sql]: INSERT INTO CART VALUES(1); nested exception is org.h2.jdbc.JdbcSQLSyntaxErrorException: Table "CART" not found; SQL statement:
INSERT INTO CART VALUES(1) [42102-199]
	at org.springframework.jdbc.datasource.init.ScriptUtils.executeSqlScript(ScriptUtils.java:509)
	at org.springframework.jdbc.datasource.init.ResourceDatabasePopulator.populate(ResourceDatabasePopulator.java:238)
	at org.springframework.jdbc.datasource.init.DatabasePopulatorUtils.execute(DatabasePopulatorUtils.java:48)
	at org.springframework.boot.autoconfigure.jdbc.DataSourceInitializer.runScripts(DataSourceInitializer.java:210)
	at org.springframework.boot.autoconfigure.jdbc.DataSourceInitializer.initSchema(DataSourceInitializer.java:123)
	at org.springframework.boot.autoconfigure.jdbc.DataSourceInitializerInvoker.onApplicationEvent(DataSourceInitializerInvoker.java:93)
	at org.springframework.boot.autoconfigure.jdbc.DataSourceInitializerInvoker.onApplicationEvent(DataSourceInitializerInvoker.java:37)
	at org.springframework.context.event.SimpleApplicationEventMulticaster.doInvokeListener(SimpleApplicationEventMulticaster.java:172)
	at org.springframework.context.event.SimpleApplicationEventMulticaster.invokeListener(SimpleApplicationEventMulticaster.java:165)
	at org.springframework.context.event.SimpleApplicationEventMulticaster.multicastEvent(SimpleApplicationEventMulticaster.java:139)
	at org.springframework.context.support.AbstractApplicationContext.publishEvent(AbstractApplicationContext.java:402)
	at org.springframework.context.support.AbstractApplicationContext.publishEvent(AbstractApplicationContext.java:359)
	at org.springframework.boot.autoconfigure.orm.jpa.DataSourceInitializedPublisher.publishEventIfRequired(DataSourceInitializedPublisher.java:98)
	at org.springframework.boot.autoconfigure.orm.jpa.DataSourceInitializedPublisher.postProcessAfterInitialization(DataSourceInitializedPublisher.java:88)
	at org.springframework.beans.factory.support.AbstractAutowireCapableBeanFactory.applyBeanPostProcessorsAfterInitialization(AbstractAutowireCapableBeanFactory.java:429)
	at org.springframework.beans.factory.support.AbstractAutowireCapableBeanFactory.initializeBean(AbstractAutowireCapableBeanFactory.java:1782)
	at org.springframework.beans.factory.support.AbstractAutowireCapableBeanFactory.doCreateBean(AbstractAutowireCapableBeanFactory.java:593)
	... 20 common frames omitted
Caused by: org.h2.jdbc.JdbcSQLSyntaxErrorException: Table "CART" not found; SQL statement:
INSERT INTO CART VALUES(1) [42102-199]
	at org.h2.message.DbException.getJdbcSQLException(DbException.java:451)
	at org.h2.message.DbException.getJdbcSQLException(DbException.java:427)
	at org.h2.message.DbException.get(DbException.java:205)
	at org.h2.message.DbException.get(DbException.java:181)
	at org.h2.command.Parser.readTableOrView(Parser.java:7146)
	at org.h2.command.Parser.readTableOrView(Parser.java:7117)
	at org.h2.command.Parser.parseInsert(Parser.java:1682)
	at org.h2.command.Parser.parsePrepared(Parser.java:891)
	at org.h2.command.Parser.parse(Parser.java:788)
	at org.h2.command.Parser.parse(Parser.java:760)
	at org.h2.command.Parser.prepareCommand(Parser.java:683)
	at org.h2.engine.Session.prepareLocal(Session.java:627)
	at org.h2.engine.Session.prepareCommand(Session.java:565)
	at org.h2.jdbc.JdbcConnection.prepareCommand(JdbcConnection.java:1292)
	at org.h2.jdbc.JdbcStatement.executeInternal(JdbcStatement.java:217)
	at org.h2.jdbc.JdbcStatement.execute(JdbcStatement.java:205)
	at com.zaxxer.hikari.pool.ProxyStatement.execute(ProxyStatement.java:95)
	at com.zaxxer.hikari.pool.HikariProxyStatement.execute(HikariProxyStatement.java)
	at org.springframework.jdbc.datasource.init.ScriptUtils.executeSqlScript(ScriptUtils.java:488)
	... 36 common frames omitted
2020-03-19 14:24:34,299 INFO org.springframework.boot.StartupInfoLogger [restartedMain] Starting ShoppingappApplication on ELW4446 with PID 32244 (started by EI11333 in C:\MyBench\SBoot\Sandeep's 201)
2020-03-19 14:24:34,299 DEBUG org.springframework.boot.StartupInfoLogger [restartedMain] Running with Spring Boot v2.1.5.RELEASE, Spring v5.1.7.RELEASE
2020-03-19 14:24:34,300 INFO org.springframework.boot.SpringApplication [restartedMain] No active profile set, falling back to default profiles: default
2020-03-19 14:25:54,045 INFO org.springframework.boot.StartupInfoLogger [restartedMain] Starting ShoppingappApplication on ELW4446 with PID 32004 (started by EI11333 in C:\MyBench\SBoot\Sandeep's 201)
2020-03-19 14:25:54,049 DEBUG org.springframework.boot.StartupInfoLogger [restartedMain] Running with Spring Boot v2.1.5.RELEASE, Spring v5.1.7.RELEASE
2020-03-19 14:25:54,052 INFO org.springframework.boot.SpringApplication [restartedMain] No active profile set, falling back to default profiles: default
2020-03-19 14:25:54,139 INFO org.springframework.boot.logging.DeferredLog [restartedMain] Devtools property defaults active! Set 'spring.devtools.add-properties' to 'false' to disable
2020-03-19 14:25:54,140 INFO org.springframework.boot.logging.DeferredLog [restartedMain] For additional web related logging consider setting the 'logging.level.web' property to 'DEBUG'
2020-03-19 14:25:56,319 INFO org.springframework.data.repository.config.RepositoryConfigurationDelegate [restartedMain] Bootstrapping Spring Data repositories in DEFAULT mode.
2020-03-19 14:25:56,454 INFO org.springframework.data.repository.config.RepositoryConfigurationDelegate [restartedMain] Finished Spring Data repository scanning in 120ms. Found 5 repository interfaces.
2020-03-19 14:25:57,491 INFO org.springframework.context.support.PostProcessorRegistrationDelegate$BeanPostProcessorChecker [restartedMain] Bean 'org.springframework.transaction.annotation.ProxyTransactionManagementConfiguration' of type [org.springframework.transaction.annotation.ProxyTransactionManagementConfiguration$$EnhancerBySpringCGLIB$$790f40f9] is not eligible for getting processed by all BeanPostProcessors (for example: not eligible for auto-proxying)
2020-03-19 14:25:58,258 INFO org.springframework.boot.web.embedded.tomcat.TomcatWebServer [restartedMain] Tomcat initialized with port(s): 8089 (http)
2020-03-19 14:25:58,278 INFO org.apache.juli.logging.DirectJDKLog [restartedMain] Initializing ProtocolHandler ["http-nio-8089"]
2020-03-19 14:25:58,297 INFO org.apache.juli.logging.DirectJDKLog [restartedMain] Starting service [Tomcat]
2020-03-19 14:25:58,300 INFO org.apache.juli.logging.DirectJDKLog [restartedMain] Starting Servlet engine: [Apache Tomcat/9.0.19]
2020-03-19 14:25:58,684 INFO org.apache.juli.logging.DirectJDKLog [restartedMain] Initializing Spring embedded WebApplicationContext
2020-03-19 14:25:58,686 INFO org.springframework.boot.web.servlet.context.ServletWebServerApplicationContext [restartedMain] Root WebApplicationContext: initialization completed in 4545 ms
2020-03-19 14:25:59,703 INFO com.zaxxer.hikari.HikariDataSource [restartedMain] HikariPool-1 - Starting...
2020-03-19 14:25:59,874 INFO com.zaxxer.hikari.HikariDataSource [restartedMain] HikariPool-1 - Start completed.
2020-03-19 14:25:59,988 INFO org.hibernate.jpa.internal.util.LogHelper [restartedMain] HHH000204: Processing PersistenceUnitInfo [
	name: default
	...]
2020-03-19 14:26:00,117 INFO org.hibernate.Version [restartedMain] HHH000412: Hibernate Core {5.3.10.Final}
2020-03-19 14:26:00,120 INFO org.hibernate.cfg.Environment [restartedMain] HHH000206: hibernate.properties not found
2020-03-19 14:26:00,375 INFO org.hibernate.annotations.common.reflection.java.JavaReflectionManager [restartedMain] HCANN000001: Hibernate Commons Annotations {5.0.4.Final}
2020-03-19 14:26:00,615 INFO org.hibernate.dialect.Dialect [restartedMain] HHH000400: Using dialect: org.hibernate.dialect.H2Dialect
2020-03-19 14:26:01,053 WARN org.hibernate.mapping.RootClass [restartedMain] HHH000038: Composite-id class does not override equals(): com.springboot.shoppingapp.entity.ProductCatalog
2020-03-19 14:26:01,054 WARN org.hibernate.mapping.RootClass [restartedMain] HHH000039: Composite-id class does not override hashCode(): com.springboot.shoppingapp.entity.ProductCatalog
2020-03-19 14:26:02,038 INFO org.hibernate.tool.schema.internal.SchemaCreatorImpl [restartedMain] HHH000476: Executing import script 'org.hibernate.tool.schema.internal.exec.ScriptSourceInputNonExistentImpl@bdafd15'
2020-03-19 14:26:02,046 INFO org.springframework.orm.jpa.AbstractEntityManagerFactoryBean [restartedMain] Initialized JPA EntityManagerFactory for persistence unit 'default'
2020-03-19 14:26:02,138 INFO org.springframework.boot.devtools.autoconfigure.OptionalLiveReloadServer [restartedMain] LiveReload server is running on port 35729
2020-03-19 14:26:03,549 WARN org.springframework.boot.autoconfigure.orm.jpa.JpaBaseConfiguration$JpaWebConfiguration$JpaWebMvcConfiguration [restartedMain] spring.jpa.open-in-view is enabled by default. Therefore, database queries may be performed during view rendering. Explicitly configure spring.jpa.open-in-view to disable this warning
2020-03-19 14:26:03,728 INFO org.springframework.boot.actuate.endpoint.web.EndpointLinksResolver [restartedMain] Exposing 2 endpoint(s) beneath base path '/actuator'
2020-03-19 14:26:03,848 INFO springfox.documentation.spring.web.PropertySourcedRequestMappingHandlerMapping [restartedMain] Mapped URL path [/v2/api-docs] onto method [public org.springframework.http.ResponseEntity<springfox.documentation.spring.web.json.Json> springfox.documentation.swagger2.web.Swagger2Controller.getDocumentation(java.lang.String,javax.servlet.http.HttpServletRequest)]
2020-03-19 14:26:04,030 INFO org.springframework.scheduling.concurrent.ExecutorConfigurationSupport [restartedMain] Initializing ExecutorService 'applicationTaskExecutor'
2020-03-19 14:26:04,494 INFO springfox.documentation.spring.web.plugins.DocumentationPluginsBootstrapper [restartedMain] Context refreshed
2020-03-19 14:26:04,524 INFO springfox.documentation.spring.web.plugins.DocumentationPluginsBootstrapper [restartedMain] Found 1 custom documentation plugin(s)
2020-03-19 14:26:04,574 INFO springfox.documentation.spring.web.scanners.ApiListingReferenceScanner [restartedMain] Scanning for api listing references
2020-03-19 14:26:04,768 INFO springfox.documentation.spring.web.readers.operation.CachingOperationNameGenerator [restartedMain] Generating unique operation named: handleUsingGET_1
2020-03-19 14:26:04,771 INFO springfox.documentation.spring.web.readers.operation.CachingOperationNameGenerator [restartedMain] Generating unique operation named: handleUsingGET_2
2020-03-19 14:26:04,774 INFO springfox.documentation.spring.web.readers.operation.CachingOperationNameGenerator [restartedMain] Generating unique operation named: handleUsingGET_3
2020-03-19 14:26:04,818 INFO springfox.documentation.spring.web.readers.operation.CachingOperationNameGenerator [restartedMain] Generating unique operation named: findAllUsingGET_1
2020-03-19 14:26:04,869 INFO org.apache.juli.logging.DirectJDKLog [restartedMain] Starting ProtocolHandler ["http-nio-8089"]
2020-03-19 14:26:04,898 INFO org.springframework.boot.web.embedded.tomcat.TomcatWebServer [restartedMain] Tomcat started on port(s): 8089 (http) with context path ''
2020-03-19 14:26:04,901 INFO org.springframework.boot.StartupInfoLogger [restartedMain] Started ShoppingappApplication in 11.84 seconds (JVM running for 13.523)
2020-03-19 14:26:06,419 INFO org.apache.juli.logging.DirectJDKLog [RMI TCP Connection(2)-192.168.0.102] Initializing Spring DispatcherServlet 'dispatcherServlet'
2020-03-19 14:26:06,419 INFO org.springframework.web.servlet.FrameworkServlet [RMI TCP Connection(2)-192.168.0.102] Initializing Servlet 'dispatcherServlet'
2020-03-19 14:26:06,439 INFO org.springframework.web.servlet.FrameworkServlet [RMI TCP Connection(2)-192.168.0.102] Completed initialization in 19 ms
