2019-07-27 10:47:34,742 INFO org.springframework.boot.StartupInfoLogger [main] Starting ShoppingappApplicationTests on ELW4446 with PID 18696 (started by EI11333 in C:\MyBench\SBoot\Sandeep's 201\ShoppingApp)
2019-07-27 10:47:34,749 DEBUG org.springframework.boot.StartupInfoLogger [main] Running with Spring Boot v2.1.5.RELEASE, Spring v5.1.7.RELEASE
2019-07-27 10:47:34,750 INFO org.springframework.boot.SpringApplication [main] No active profile set, falling back to default profiles: default
2019-07-27 10:47:36,379 INFO org.springframework.data.repository.config.RepositoryConfigurationDelegate [main] Bootstrapping Spring Data repositories in DEFAULT mode.
2019-07-27 10:47:36,536 INFO org.springframework.data.repository.config.RepositoryConfigurationDelegate [main] Finished Spring Data repository scanning in 136ms. Found 5 repository interfaces.
2019-07-27 10:47:37,695 INFO org.springframework.context.support.PostProcessorRegistrationDelegate$BeanPostProcessorChecker [main] Bean 'org.springframework.transaction.annotation.ProxyTransactionManagementConfiguration' of type [org.springframework.transaction.annotation.ProxyTransactionManagementConfiguration$$EnhancerBySpringCGLIB$$56c0c4f3] is not eligible for getting processed by all BeanPostProcessors (for example: not eligible for auto-proxying)
2019-07-27 10:47:38,100 INFO com.zaxxer.hikari.HikariDataSource [main] HikariPool-1 - Starting...
2019-07-27 10:47:38,642 INFO com.zaxxer.hikari.HikariDataSource [main] HikariPool-1 - Start completed.
2019-07-27 10:47:38,887 INFO org.hibernate.jpa.internal.util.LogHelper [main] HHH000204: Processing PersistenceUnitInfo [
	name: default
	...]
2019-07-27 10:47:39,072 INFO org.hibernate.Version [main] HHH000412: Hibernate Core {5.3.10.Final}
2019-07-27 10:47:39,079 INFO org.hibernate.cfg.Environment [main] HHH000206: hibernate.properties not found
2019-07-27 10:47:39,626 INFO org.hibernate.annotations.common.reflection.java.JavaReflectionManager [main] HCANN000001: Hibernate Commons Annotations {5.0.4.Final}
2019-07-27 10:47:40,692 INFO org.hibernate.dialect.Dialect [main] HHH000400: Using dialect: org.hibernate.dialect.H2Dialect
2019-07-27 10:47:41,140 WARN org.hibernate.mapping.RootClass [main] HHH000038: Composite-id class does not override equals(): com.springboot.shoppingapp.entity.ProductCatalog
2019-07-27 10:47:41,141 WARN org.hibernate.mapping.RootClass [main] HHH000039: Composite-id class does not override hashCode(): com.springboot.shoppingapp.entity.ProductCatalog
2019-07-27 10:47:42,474 INFO org.hibernate.tool.schema.internal.SchemaCreatorImpl [main] HHH000476: Executing import script 'org.hibernate.tool.schema.internal.exec.ScriptSourceInputNonExistentImpl@34549979'
2019-07-27 10:47:42,481 INFO org.springframework.orm.jpa.AbstractEntityManagerFactoryBean [main] Initialized JPA EntityManagerFactory for persistence unit 'default'
2019-07-27 10:47:43,875 WARN org.springframework.boot.autoconfigure.orm.jpa.JpaBaseConfiguration$JpaWebConfiguration$JpaWebMvcConfiguration [main] spring.jpa.open-in-view is enabled by default. Therefore, database queries may be performed during view rendering. Explicitly configure spring.jpa.open-in-view to disable this warning
2019-07-27 10:47:44,244 INFO springfox.documentation.spring.web.PropertySourcedRequestMappingHandlerMapping [main] Mapped URL path [/v2/api-docs] onto method [public org.springframework.http.ResponseEntity<springfox.documentation.spring.web.json.Json> springfox.documentation.swagger2.web.Swagger2Controller.getDocumentation(java.lang.String,javax.servlet.http.HttpServletRequest)]
2019-07-27 10:47:45,199 INFO org.springframework.scheduling.concurrent.ExecutorConfigurationSupport [main] Initializing ExecutorService 'applicationTaskExecutor'
2019-07-27 10:47:45,837 INFO springfox.documentation.spring.web.plugins.DocumentationPluginsBootstrapper [main] Context refreshed
2019-07-27 10:47:45,878 INFO springfox.documentation.spring.web.plugins.DocumentationPluginsBootstrapper [main] Found 1 custom documentation plugin(s)
2019-07-27 10:47:45,923 INFO springfox.documentation.spring.web.scanners.ApiListingReferenceScanner [main] Scanning for api listing references
2019-07-27 10:47:46,218 INFO springfox.documentation.spring.web.readers.operation.CachingOperationNameGenerator [main] Generating unique operation named: findAllUsingGET_1
2019-07-27 10:47:46,265 INFO org.springframework.boot.StartupInfoLogger [main] Started ShoppingappApplicationTests in 12.203 seconds (JVM running for 13.877)
2019-07-27 10:47:46,458 INFO org.springframework.scheduling.concurrent.ExecutorConfigurationSupport [Thread-4] Shutting down ExecutorService 'applicationTaskExecutor'
2019-07-27 10:47:46,464 INFO org.springframework.orm.jpa.AbstractEntityManagerFactoryBean [Thread-4] Closing JPA EntityManagerFactory for persistence unit 'default'
2019-07-27 10:47:46,465 INFO org.hibernate.tool.schema.internal.SchemaDropperImpl$DelayedDropActionImpl [Thread-4] HHH000477: Starting delayed evictData of schema as part of SessionFactory shut-down'
2019-07-27 10:47:46,487 INFO org.springframework.beans.factory.support.DisposableBeanAdapter [Thread-4] Invocation of destroy method failed on bean with name 'inMemoryDatabaseShutdownExecutor': org.h2.jdbc.JdbcSQLNonTransientConnectionException: Database is already closed (to disable automatic closing at VM shutdown, add ";DB_CLOSE_ON_EXIT=FALSE" to the db URL) [90121-199]
2019-07-27 10:47:46,489 INFO com.zaxxer.hikari.HikariDataSource [Thread-4] HikariPool-1 - Shutdown initiated...
2019-07-27 10:47:46,494 INFO com.zaxxer.hikari.HikariDataSource [Thread-4] HikariPool-1 - Shutdown completed.
2019-07-27 10:49:01,787 INFO org.springframework.boot.StartupInfoLogger [restartedMain] Starting ShoppingappApplication on ELW4446 with PID 8216 (started by EI11333 in C:\MyBench\SBoot\Sandeep's 201\ShoppingApp)
2019-07-27 10:49:01,793 DEBUG org.springframework.boot.StartupInfoLogger [restartedMain] Running with Spring Boot v2.1.5.RELEASE, Spring v5.1.7.RELEASE
2019-07-27 10:49:01,795 INFO org.springframework.boot.SpringApplication [restartedMain] No active profile set, falling back to default profiles: default
2019-07-27 10:49:01,875 INFO org.springframework.boot.logging.DeferredLog [restartedMain] Devtools property defaults active! Set 'spring.devtools.add-properties' to 'false' to disable
2019-07-27 10:49:01,876 INFO org.springframework.boot.logging.DeferredLog [restartedMain] For additional web related logging consider setting the 'logging.level.web' property to 'DEBUG'
2019-07-27 10:49:03,169 INFO org.springframework.data.repository.config.RepositoryConfigurationDelegate [restartedMain] Bootstrapping Spring Data repositories in DEFAULT mode.
2019-07-27 10:49:03,267 INFO org.springframework.data.repository.config.RepositoryConfigurationDelegate [restartedMain] Finished Spring Data repository scanning in 79ms. Found 5 repository interfaces.
2019-07-27 10:49:03,993 INFO org.springframework.context.support.PostProcessorRegistrationDelegate$BeanPostProcessorChecker [restartedMain] Bean 'org.springframework.transaction.annotation.ProxyTransactionManagementConfiguration' of type [org.springframework.transaction.annotation.ProxyTransactionManagementConfiguration$$EnhancerBySpringCGLIB$$dfa6436f] is not eligible for getting processed by all BeanPostProcessors (for example: not eligible for auto-proxying)
2019-07-27 10:49:04,543 INFO org.springframework.boot.web.embedded.tomcat.TomcatWebServer [restartedMain] Tomcat initialized with port(s): 8089 (http)
2019-07-27 10:49:04,574 INFO org.apache.juli.logging.DirectJDKLog [restartedMain] Initializing ProtocolHandler ["http-nio-8089"]
2019-07-27 10:49:04,589 INFO org.apache.juli.logging.DirectJDKLog [restartedMain] Starting service [Tomcat]
2019-07-27 10:49:04,590 INFO org.apache.juli.logging.DirectJDKLog [restartedMain] Starting Servlet engine: [Apache Tomcat/9.0.19]
2019-07-27 10:49:04,736 INFO org.apache.juli.logging.DirectJDKLog [restartedMain] Initializing Spring embedded WebApplicationContext
2019-07-27 10:49:04,737 INFO org.springframework.boot.web.servlet.context.ServletWebServerApplicationContext [restartedMain] Root WebApplicationContext: initialization completed in 2860 ms
2019-07-27 10:49:04,972 INFO com.zaxxer.hikari.HikariDataSource [restartedMain] HikariPool-1 - Starting...
2019-07-27 10:49:05,153 INFO com.zaxxer.hikari.HikariDataSource [restartedMain] HikariPool-1 - Start completed.
2019-07-27 10:49:05,225 INFO org.hibernate.jpa.internal.util.LogHelper [restartedMain] HHH000204: Processing PersistenceUnitInfo [
	name: default
	...]
2019-07-27 10:49:05,316 INFO org.hibernate.Version [restartedMain] HHH000412: Hibernate Core {5.3.10.Final}
2019-07-27 10:49:05,319 INFO org.hibernate.cfg.Environment [restartedMain] HHH000206: hibernate.properties not found
2019-07-27 10:49:05,466 INFO org.hibernate.annotations.common.reflection.java.JavaReflectionManager [restartedMain] HCANN000001: Hibernate Commons Annotations {5.0.4.Final}
2019-07-27 10:49:05,632 INFO org.hibernate.dialect.Dialect [restartedMain] HHH000400: Using dialect: org.hibernate.dialect.H2Dialect
2019-07-27 10:49:05,928 WARN org.hibernate.mapping.RootClass [restartedMain] HHH000038: Composite-id class does not override equals(): com.springboot.shoppingapp.entity.ProductCatalog
2019-07-27 10:49:05,929 WARN org.hibernate.mapping.RootClass [restartedMain] HHH000039: Composite-id class does not override hashCode(): com.springboot.shoppingapp.entity.ProductCatalog
2019-07-27 10:49:06,609 INFO org.hibernate.tool.schema.internal.SchemaCreatorImpl [restartedMain] HHH000476: Executing import script 'org.hibernate.tool.schema.internal.exec.ScriptSourceInputNonExistentImpl@3fa4700b'
2019-07-27 10:49:06,614 INFO org.springframework.orm.jpa.AbstractEntityManagerFactoryBean [restartedMain] Initialized JPA EntityManagerFactory for persistence unit 'default'
2019-07-27 10:49:06,666 INFO org.springframework.boot.devtools.autoconfigure.OptionalLiveReloadServer [restartedMain] LiveReload server is running on port 35729
2019-07-27 10:49:07,453 WARN org.springframework.boot.autoconfigure.orm.jpa.JpaBaseConfiguration$JpaWebConfiguration$JpaWebMvcConfiguration [restartedMain] spring.jpa.open-in-view is enabled by default. Therefore, database queries may be performed during view rendering. Explicitly configure spring.jpa.open-in-view to disable this warning
2019-07-27 10:49:07,618 INFO springfox.documentation.spring.web.PropertySourcedRequestMappingHandlerMapping [restartedMain] Mapped URL path [/v2/api-docs] onto method [public org.springframework.http.ResponseEntity<springfox.documentation.spring.web.json.Json> springfox.documentation.swagger2.web.Swagger2Controller.getDocumentation(java.lang.String,javax.servlet.http.HttpServletRequest)]
2019-07-27 10:49:07,804 INFO org.springframework.scheduling.concurrent.ExecutorConfigurationSupport [restartedMain] Initializing ExecutorService 'applicationTaskExecutor'
2019-07-27 10:49:08,055 INFO springfox.documentation.spring.web.plugins.DocumentationPluginsBootstrapper [restartedMain] Context refreshed
2019-07-27 10:49:08,080 INFO springfox.documentation.spring.web.plugins.DocumentationPluginsBootstrapper [restartedMain] Found 1 custom documentation plugin(s)
2019-07-27 10:49:08,121 INFO springfox.documentation.spring.web.scanners.ApiListingReferenceScanner [restartedMain] Scanning for api listing references
2019-07-27 10:49:08,585 INFO springfox.documentation.spring.web.readers.operation.CachingOperationNameGenerator [restartedMain] Generating unique operation named: findAllUsingGET_1
2019-07-27 10:49:08,621 INFO org.apache.juli.logging.DirectJDKLog [restartedMain] Starting ProtocolHandler ["http-nio-8089"]
2019-07-27 10:49:08,647 INFO org.springframework.boot.web.embedded.tomcat.TomcatWebServer [restartedMain] Tomcat started on port(s): 8089 (http) with context path ''
2019-07-27 10:49:08,651 INFO org.springframework.boot.StartupInfoLogger [restartedMain] Started ShoppingappApplication in 7.472 seconds (JVM running for 9.035)
2019-07-27 10:49:34,852 INFO org.apache.juli.logging.DirectJDKLog [http-nio-8089-exec-1] Initializing Spring DispatcherServlet 'dispatcherServlet'
2019-07-27 10:49:34,853 INFO org.springframework.web.servlet.FrameworkServlet [http-nio-8089-exec-1] Initializing Servlet 'dispatcherServlet'
2019-07-27 10:49:34,880 INFO org.springframework.web.servlet.FrameworkServlet [http-nio-8089-exec-1] Completed initialization in 25 ms
2019-07-27 10:49:34,928 DEBUG com.springboot.shoppingapp.controller.ShoppingController [http-nio-8089-exec-1] showCart(1)
2019-07-27 10:49:34,972 INFO org.hibernate.hql.internal.QueryTranslatorFactoryInitiator [http-nio-8089-exec-1] HHH000397: Using ASTQueryTranslatorFactory
