2020-02-06 11:21:51,657 INFO org.springframework.boot.StartupInfoLogger [restartedMain] Starting ShoppingappApplication on ELW4446 with PID 16076 (started by EI11333 in C:\MyBench\SBoot\Sandeep's 201\ShoppingApp)
2020-02-06 11:21:51,662 DEBUG org.springframework.boot.StartupInfoLogger [restartedMain] Running with Spring Boot v2.1.5.RELEASE, Spring v5.1.7.RELEASE
2020-02-06 11:21:51,662 INFO org.springframework.boot.SpringApplication [restartedMain] No active profile set, falling back to default profiles: default
2020-02-06 11:21:51,698 INFO org.springframework.boot.logging.DeferredLog [restartedMain] Devtools property defaults active! Set 'spring.devtools.add-properties' to 'false' to disable
2020-02-06 11:21:51,698 INFO org.springframework.boot.logging.DeferredLog [restartedMain] For additional web related logging consider setting the 'logging.level.web' property to 'DEBUG'
2020-02-06 11:21:52,445 INFO org.springframework.data.repository.config.RepositoryConfigurationDelegate [restartedMain] Bootstrapping Spring Data repositories in DEFAULT mode.
2020-02-06 11:21:52,506 INFO org.springframework.data.repository.config.RepositoryConfigurationDelegate [restartedMain] Finished Spring Data repository scanning in 52ms. Found 5 repository interfaces.
2020-02-06 11:21:52,916 INFO org.springframework.context.support.PostProcessorRegistrationDelegate$BeanPostProcessorChecker [restartedMain] Bean 'org.springframework.transaction.annotation.ProxyTransactionManagementConfiguration' of type [org.springframework.transaction.annotation.ProxyTransactionManagementConfiguration$$EnhancerBySpringCGLIB$$94a45971] is not eligible for getting processed by all BeanPostProcessors (for example: not eligible for auto-proxying)
2020-02-06 11:21:53,222 INFO org.springframework.boot.web.embedded.tomcat.TomcatWebServer [restartedMain] Tomcat initialized with port(s): 8089 (http)
2020-02-06 11:21:53,294 INFO org.apache.juli.logging.DirectJDKLog [restartedMain] Initializing ProtocolHandler ["http-nio-8089"]
2020-02-06 11:21:53,302 INFO org.apache.juli.logging.DirectJDKLog [restartedMain] Starting service [Tomcat]
2020-02-06 11:21:53,302 INFO org.apache.juli.logging.DirectJDKLog [restartedMain] Starting Servlet engine: [Apache Tomcat/9.0.19]
2020-02-06 11:21:53,384 INFO org.apache.juli.logging.DirectJDKLog [restartedMain] Initializing Spring embedded WebApplicationContext
2020-02-06 11:21:53,385 INFO org.springframework.boot.web.servlet.context.ServletWebServerApplicationContext [restartedMain] Root WebApplicationContext: initialization completed in 1687 ms
2020-02-06 11:21:53,524 INFO com.zaxxer.hikari.HikariDataSource [restartedMain] HikariPool-1 - Starting...
2020-02-06 11:21:53,637 INFO com.zaxxer.hikari.HikariDataSource [restartedMain] HikariPool-1 - Start completed.
2020-02-06 11:21:53,688 INFO org.hibernate.jpa.internal.util.LogHelper [restartedMain] HHH000204: Processing PersistenceUnitInfo [
	name: default
	...]
2020-02-06 11:21:53,754 INFO org.hibernate.Version [restartedMain] HHH000412: Hibernate Core {5.3.10.Final}
2020-02-06 11:21:53,755 INFO org.hibernate.cfg.Environment [restartedMain] HHH000206: hibernate.properties not found
2020-02-06 11:21:53,907 INFO org.hibernate.annotations.common.reflection.java.JavaReflectionManager [restartedMain] HCANN000001: Hibernate Commons Annotations {5.0.4.Final}
2020-02-06 11:21:54,059 INFO org.hibernate.dialect.Dialect [restartedMain] HHH000400: Using dialect: org.hibernate.dialect.H2Dialect
2020-02-06 11:21:54,277 WARN org.hibernate.mapping.RootClass [restartedMain] HHH000038: Composite-id class does not override equals(): com.springboot.shoppingapp.entity.ProductCatalog
2020-02-06 11:21:54,278 WARN org.hibernate.mapping.RootClass [restartedMain] HHH000039: Composite-id class does not override hashCode(): com.springboot.shoppingapp.entity.ProductCatalog
2020-02-06 11:21:54,788 INFO org.hibernate.tool.schema.internal.SchemaCreatorImpl [restartedMain] HHH000476: Executing import script 'org.hibernate.tool.schema.internal.exec.ScriptSourceInputNonExistentImpl@66154a46'
2020-02-06 11:21:54,790 INFO org.springframework.orm.jpa.AbstractEntityManagerFactoryBean [restartedMain] Initialized JPA EntityManagerFactory for persistence unit 'default'
2020-02-06 11:21:54,820 INFO org.springframework.boot.devtools.autoconfigure.OptionalLiveReloadServer [restartedMain] LiveReload server is running on port 35729
2020-02-06 11:21:55,303 WARN org.springframework.boot.autoconfigure.orm.jpa.JpaBaseConfiguration$JpaWebConfiguration$JpaWebMvcConfiguration [restartedMain] spring.jpa.open-in-view is enabled by default. Therefore, database queries may be performed during view rendering. Explicitly configure spring.jpa.open-in-view to disable this warning
2020-02-06 11:21:55,419 INFO springfox.documentation.spring.web.PropertySourcedRequestMappingHandlerMapping [restartedMain] Mapped URL path [/v2/api-docs] onto method [public org.springframework.http.ResponseEntity<springfox.documentation.spring.web.json.Json> springfox.documentation.swagger2.web.Swagger2Controller.getDocumentation(java.lang.String,javax.servlet.http.HttpServletRequest)]
2020-02-06 11:21:55,536 INFO org.springframework.scheduling.concurrent.ExecutorConfigurationSupport [restartedMain] Initializing ExecutorService 'applicationTaskExecutor'
2020-02-06 11:21:55,891 INFO springfox.documentation.spring.web.plugins.DocumentationPluginsBootstrapper [restartedMain] Context refreshed
2020-02-06 11:21:55,906 INFO springfox.documentation.spring.web.plugins.DocumentationPluginsBootstrapper [restartedMain] Found 1 custom documentation plugin(s)
2020-02-06 11:21:55,935 INFO springfox.documentation.spring.web.scanners.ApiListingReferenceScanner [restartedMain] Scanning for api listing references
2020-02-06 11:21:56,064 INFO springfox.documentation.spring.web.readers.operation.CachingOperationNameGenerator [restartedMain] Generating unique operation named: findAllUsingGET_1
2020-02-06 11:21:56,087 INFO org.apache.juli.logging.DirectJDKLog [restartedMain] Starting ProtocolHandler ["http-nio-8089"]
2020-02-06 11:21:56,104 INFO org.springframework.boot.web.embedded.tomcat.TomcatWebServer [restartedMain] Tomcat started on port(s): 8089 (http) with context path ''
2020-02-06 11:21:56,106 INFO org.springframework.boot.StartupInfoLogger [restartedMain] Started ShoppingappApplication in 5.247 seconds (JVM running for 6.132)
2020-02-06 11:22:57,683 INFO org.springframework.boot.StartupInfoLogger [restartedMain] Starting ShoppingappApplication on ELW4446 with PID 15612 (started by EI11333 in C:\MyBench\SBoot\Sandeep's 201\ShoppingApp)
2020-02-06 11:22:57,686 DEBUG org.springframework.boot.StartupInfoLogger [restartedMain] Running with Spring Boot v2.1.5.RELEASE, Spring v5.1.7.RELEASE
2020-02-06 11:22:57,686 INFO org.springframework.boot.SpringApplication [restartedMain] No active profile set, falling back to default profiles: default
2020-02-06 11:22:57,732 INFO org.springframework.boot.logging.DeferredLog [restartedMain] Devtools property defaults active! Set 'spring.devtools.add-properties' to 'false' to disable
2020-02-06 11:22:57,733 INFO org.springframework.boot.logging.DeferredLog [restartedMain] For additional web related logging consider setting the 'logging.level.web' property to 'DEBUG'
2020-02-06 11:22:58,399 INFO org.springframework.data.repository.config.RepositoryConfigurationDelegate [restartedMain] Bootstrapping Spring Data repositories in DEFAULT mode.
2020-02-06 11:22:58,468 INFO org.springframework.data.repository.config.RepositoryConfigurationDelegate [restartedMain] Finished Spring Data repository scanning in 63ms. Found 5 repository interfaces.
2020-02-06 11:22:58,837 INFO org.springframework.context.support.PostProcessorRegistrationDelegate$BeanPostProcessorChecker [restartedMain] Bean 'org.springframework.transaction.annotation.ProxyTransactionManagementConfiguration' of type [org.springframework.transaction.annotation.ProxyTransactionManagementConfiguration$$EnhancerBySpringCGLIB$$7b75433f] is not eligible for getting processed by all BeanPostProcessors (for example: not eligible for auto-proxying)
2020-02-06 11:22:59,088 INFO org.springframework.boot.web.embedded.tomcat.TomcatWebServer [restartedMain] Tomcat initialized with port(s): 8089 (http)
2020-02-06 11:22:59,101 INFO org.apache.juli.logging.DirectJDKLog [restartedMain] Initializing ProtocolHandler ["http-nio-8089"]
2020-02-06 11:22:59,108 INFO org.apache.juli.logging.DirectJDKLog [restartedMain] Starting service [Tomcat]
2020-02-06 11:22:59,109 INFO org.apache.juli.logging.DirectJDKLog [restartedMain] Starting Servlet engine: [Apache Tomcat/9.0.19]
2020-02-06 11:22:59,187 INFO org.apache.juli.logging.DirectJDKLog [restartedMain] Initializing Spring embedded WebApplicationContext
2020-02-06 11:22:59,187 INFO org.springframework.boot.web.servlet.context.ServletWebServerApplicationContext [restartedMain] Root WebApplicationContext: initialization completed in 1454 ms
2020-02-06 11:22:59,306 INFO com.zaxxer.hikari.HikariDataSource [restartedMain] HikariPool-1 - Starting...
2020-02-06 11:22:59,423 INFO com.zaxxer.hikari.HikariDataSource [restartedMain] HikariPool-1 - Start completed.
2020-02-06 11:22:59,466 INFO org.hibernate.jpa.internal.util.LogHelper [restartedMain] HHH000204: Processing PersistenceUnitInfo [
	name: default
	...]
2020-02-06 11:22:59,521 INFO org.hibernate.Version [restartedMain] HHH000412: Hibernate Core {5.3.10.Final}
2020-02-06 11:22:59,522 INFO org.hibernate.cfg.Environment [restartedMain] HHH000206: hibernate.properties not found
2020-02-06 11:22:59,616 INFO org.hibernate.annotations.common.reflection.java.JavaReflectionManager [restartedMain] HCANN000001: Hibernate Commons Annotations {5.0.4.Final}
2020-02-06 11:22:59,707 INFO org.hibernate.dialect.Dialect [restartedMain] HHH000400: Using dialect: org.hibernate.dialect.H2Dialect
2020-02-06 11:22:59,871 WARN org.hibernate.mapping.RootClass [restartedMain] HHH000038: Composite-id class does not override equals(): com.springboot.shoppingapp.entity.ProductCatalog
2020-02-06 11:22:59,872 WARN org.hibernate.mapping.RootClass [restartedMain] HHH000039: Composite-id class does not override hashCode(): com.springboot.shoppingapp.entity.ProductCatalog
2020-02-06 11:23:00,311 INFO org.hibernate.tool.schema.internal.SchemaCreatorImpl [restartedMain] HHH000476: Executing import script 'org.hibernate.tool.schema.internal.exec.ScriptSourceInputNonExistentImpl@7097a9fa'
2020-02-06 11:23:00,315 INFO org.springframework.orm.jpa.AbstractEntityManagerFactoryBean [restartedMain] Initialized JPA EntityManagerFactory for persistence unit 'default'
2020-02-06 11:23:00,353 INFO org.springframework.boot.devtools.autoconfigure.OptionalLiveReloadServer [restartedMain] LiveReload server is running on port 35729
2020-02-06 11:23:00,868 WARN org.springframework.boot.autoconfigure.orm.jpa.JpaBaseConfiguration$JpaWebConfiguration$JpaWebMvcConfiguration [restartedMain] spring.jpa.open-in-view is enabled by default. Therefore, database queries may be performed during view rendering. Explicitly configure spring.jpa.open-in-view to disable this warning
2020-02-06 11:23:00,972 INFO springfox.documentation.spring.web.PropertySourcedRequestMappingHandlerMapping [restartedMain] Mapped URL path [/v2/api-docs] onto method [public org.springframework.http.ResponseEntity<springfox.documentation.spring.web.json.Json> springfox.documentation.swagger2.web.Swagger2Controller.getDocumentation(java.lang.String,javax.servlet.http.HttpServletRequest)]
2020-02-06 11:23:01,082 INFO org.springframework.scheduling.concurrent.ExecutorConfigurationSupport [restartedMain] Initializing ExecutorService 'applicationTaskExecutor'
2020-02-06 11:23:01,256 INFO springfox.documentation.spring.web.plugins.DocumentationPluginsBootstrapper [restartedMain] Context refreshed
2020-02-06 11:23:01,272 INFO springfox.documentation.spring.web.plugins.DocumentationPluginsBootstrapper [restartedMain] Found 1 custom documentation plugin(s)
2020-02-06 11:23:01,306 INFO springfox.documentation.spring.web.scanners.ApiListingReferenceScanner [restartedMain] Scanning for api listing references
2020-02-06 11:23:01,675 INFO springfox.documentation.spring.web.readers.operation.CachingOperationNameGenerator [restartedMain] Generating unique operation named: findAllUsingGET_1
2020-02-06 11:23:01,704 INFO org.apache.juli.logging.DirectJDKLog [restartedMain] Starting ProtocolHandler ["http-nio-8089"]
2020-02-06 11:23:01,726 INFO org.springframework.boot.web.embedded.tomcat.TomcatWebServer [restartedMain] Tomcat started on port(s): 8089 (http) with context path ''
2020-02-06 11:23:01,728 INFO org.springframework.boot.StartupInfoLogger [restartedMain] Started ShoppingappApplication in 4.5 seconds (JVM running for 5.349)
2020-02-06 11:25:49,096 INFO org.springframework.boot.StartupInfoLogger [restartedMain] Starting ShoppingappApplication on ELW4446 with PID 308 (started by EI11333 in C:\MyBench\SBoot\Sandeep's 201\ShoppingApp)
2020-02-06 11:25:49,099 DEBUG org.springframework.boot.StartupInfoLogger [restartedMain] Running with Spring Boot v2.1.5.RELEASE, Spring v5.1.7.RELEASE
2020-02-06 11:25:49,100 INFO org.springframework.boot.SpringApplication [restartedMain] No active profile set, falling back to default profiles: default
2020-02-06 11:25:49,151 INFO org.springframework.boot.logging.DeferredLog [restartedMain] Devtools property defaults active! Set 'spring.devtools.add-properties' to 'false' to disable
2020-02-06 11:25:49,151 INFO org.springframework.boot.logging.DeferredLog [restartedMain] For additional web related logging consider setting the 'logging.level.web' property to 'DEBUG'
2020-02-06 11:25:49,795 INFO org.springframework.data.repository.config.RepositoryConfigurationDelegate [restartedMain] Bootstrapping Spring Data repositories in DEFAULT mode.
2020-02-06 11:25:49,849 INFO org.springframework.data.repository.config.RepositoryConfigurationDelegate [restartedMain] Finished Spring Data repository scanning in 47ms. Found 5 repository interfaces.
2020-02-06 11:25:50,197 INFO org.springframework.context.support.PostProcessorRegistrationDelegate$BeanPostProcessorChecker [restartedMain] Bean 'org.springframework.transaction.annotation.ProxyTransactionManagementConfiguration' of type [org.springframework.transaction.annotation.ProxyTransactionManagementConfiguration$$EnhancerBySpringCGLIB$$8a5db4e9] is not eligible for getting processed by all BeanPostProcessors (for example: not eligible for auto-proxying)
2020-02-06 11:25:50,443 INFO org.springframework.boot.web.embedded.tomcat.TomcatWebServer [restartedMain] Tomcat initialized with port(s): 8089 (http)
2020-02-06 11:25:50,453 INFO org.apache.juli.logging.DirectJDKLog [restartedMain] Initializing ProtocolHandler ["http-nio-8089"]
2020-02-06 11:25:50,459 INFO org.apache.juli.logging.DirectJDKLog [restartedMain] Starting service [Tomcat]
2020-02-06 11:25:50,460 INFO org.apache.juli.logging.DirectJDKLog [restartedMain] Starting Servlet engine: [Apache Tomcat/9.0.19]
2020-02-06 11:25:50,532 INFO org.apache.juli.logging.DirectJDKLog [restartedMain] Initializing Spring embedded WebApplicationContext
2020-02-06 11:25:50,532 INFO org.springframework.boot.web.servlet.context.ServletWebServerApplicationContext [restartedMain] Root WebApplicationContext: initialization completed in 1380 ms
2020-02-06 11:25:50,645 INFO com.zaxxer.hikari.HikariDataSource [restartedMain] HikariPool-1 - Starting...
2020-02-06 11:25:50,756 INFO com.zaxxer.hikari.HikariDataSource [restartedMain] HikariPool-1 - Start completed.
2020-02-06 11:25:50,794 INFO org.hibernate.jpa.internal.util.LogHelper [restartedMain] HHH000204: Processing PersistenceUnitInfo [
	name: default
	...]
2020-02-06 11:25:50,836 INFO org.hibernate.Version [restartedMain] HHH000412: Hibernate Core {5.3.10.Final}
2020-02-06 11:25:50,837 INFO org.hibernate.cfg.Environment [restartedMain] HHH000206: hibernate.properties not found
2020-02-06 11:25:50,924 INFO org.hibernate.annotations.common.reflection.java.JavaReflectionManager [restartedMain] HCANN000001: Hibernate Commons Annotations {5.0.4.Final}
2020-02-06 11:25:51,016 INFO org.hibernate.dialect.Dialect [restartedMain] HHH000400: Using dialect: org.hibernate.dialect.H2Dialect
2020-02-06 11:25:51,168 WARN org.hibernate.mapping.RootClass [restartedMain] HHH000038: Composite-id class does not override equals(): com.springboot.shoppingapp.entity.ProductCatalog
2020-02-06 11:25:51,168 WARN org.hibernate.mapping.RootClass [restartedMain] HHH000039: Composite-id class does not override hashCode(): com.springboot.shoppingapp.entity.ProductCatalog
2020-02-06 11:25:51,550 INFO org.hibernate.tool.schema.internal.SchemaCreatorImpl [restartedMain] HHH000476: Executing import script 'org.hibernate.tool.schema.internal.exec.ScriptSourceInputNonExistentImpl@26329452'
2020-02-06 11:25:51,552 INFO org.springframework.orm.jpa.AbstractEntityManagerFactoryBean [restartedMain] Initialized JPA EntityManagerFactory for persistence unit 'default'
2020-02-06 11:25:51,582 INFO org.springframework.boot.devtools.autoconfigure.OptionalLiveReloadServer [restartedMain] LiveReload server is running on port 35729
2020-02-06 11:25:51,989 WARN org.springframework.boot.autoconfigure.orm.jpa.JpaBaseConfiguration$JpaWebConfiguration$JpaWebMvcConfiguration [restartedMain] spring.jpa.open-in-view is enabled by default. Therefore, database queries may be performed during view rendering. Explicitly configure spring.jpa.open-in-view to disable this warning
2020-02-06 11:25:52,080 INFO springfox.documentation.spring.web.PropertySourcedRequestMappingHandlerMapping [restartedMain] Mapped URL path [/v2/api-docs] onto method [public org.springframework.http.ResponseEntity<springfox.documentation.spring.web.json.Json> springfox.documentation.swagger2.web.Swagger2Controller.getDocumentation(java.lang.String,javax.servlet.http.HttpServletRequest)]
2020-02-06 11:25:52,177 INFO org.springframework.scheduling.concurrent.ExecutorConfigurationSupport [restartedMain] Initializing ExecutorService 'applicationTaskExecutor'
2020-02-06 11:25:52,328 INFO springfox.documentation.spring.web.plugins.DocumentationPluginsBootstrapper [restartedMain] Context refreshed
2020-02-06 11:25:52,340 INFO springfox.documentation.spring.web.plugins.DocumentationPluginsBootstrapper [restartedMain] Found 1 custom documentation plugin(s)
2020-02-06 11:25:52,364 INFO springfox.documentation.spring.web.scanners.ApiListingReferenceScanner [restartedMain] Scanning for api listing references
2020-02-06 11:25:52,637 INFO springfox.documentation.spring.web.readers.operation.CachingOperationNameGenerator [restartedMain] Generating unique operation named: findAllUsingGET_1
2020-02-06 11:25:52,656 INFO org.apache.juli.logging.DirectJDKLog [restartedMain] Starting ProtocolHandler ["http-nio-8089"]
2020-02-06 11:25:52,672 INFO org.springframework.boot.web.embedded.tomcat.TomcatWebServer [restartedMain] Tomcat started on port(s): 8089 (http) with context path ''
2020-02-06 11:25:52,674 INFO org.springframework.boot.StartupInfoLogger [restartedMain] Started ShoppingappApplication in 3.997 seconds (JVM running for 4.687)
2020-02-06 11:26:20,599 INFO org.springframework.boot.StartupInfoLogger [restartedMain] Starting ShoppingappApplication on ELW4446 with PID 9792 (started by EI11333 in C:\MyBench\SBoot\Sandeep's 201\ShoppingApp)
2020-02-06 11:26:20,603 DEBUG org.springframework.boot.StartupInfoLogger [restartedMain] Running with Spring Boot v2.1.5.RELEASE, Spring v5.1.7.RELEASE
2020-02-06 11:26:20,617 INFO org.springframework.boot.SpringApplication [restartedMain] No active profile set, falling back to default profiles: default
2020-02-06 11:26:20,683 INFO org.springframework.boot.logging.DeferredLog [restartedMain] Devtools property defaults active! Set 'spring.devtools.add-properties' to 'false' to disable
2020-02-06 11:26:20,684 INFO org.springframework.boot.logging.DeferredLog [restartedMain] For additional web related logging consider setting the 'logging.level.web' property to 'DEBUG'
2020-02-06 11:26:21,334 INFO org.springframework.data.repository.config.RepositoryConfigurationDelegate [restartedMain] Bootstrapping Spring Data repositories in DEFAULT mode.
2020-02-06 11:26:21,390 INFO org.springframework.data.repository.config.RepositoryConfigurationDelegate [restartedMain] Finished Spring Data repository scanning in 44ms. Found 5 repository interfaces.
2020-02-06 11:26:21,732 INFO org.springframework.context.support.PostProcessorRegistrationDelegate$BeanPostProcessorChecker [restartedMain] Bean 'org.springframework.transaction.annotation.ProxyTransactionManagementConfiguration' of type [org.springframework.transaction.annotation.ProxyTransactionManagementConfiguration$$EnhancerBySpringCGLIB$$4a65485a] is not eligible for getting processed by all BeanPostProcessors (for example: not eligible for auto-proxying)
2020-02-06 11:26:21,986 INFO org.springframework.boot.web.embedded.tomcat.TomcatWebServer [restartedMain] Tomcat initialized with port(s): 8089 (http)
2020-02-06 11:26:21,995 INFO org.apache.juli.logging.DirectJDKLog [restartedMain] Initializing ProtocolHandler ["http-nio-8089"]
2020-02-06 11:26:22,001 INFO org.apache.juli.logging.DirectJDKLog [restartedMain] Starting service [Tomcat]
2020-02-06 11:26:22,001 INFO org.apache.juli.logging.DirectJDKLog [restartedMain] Starting Servlet engine: [Apache Tomcat/9.0.19]
2020-02-06 11:26:22,073 INFO org.apache.juli.logging.DirectJDKLog [restartedMain] Initializing Spring embedded WebApplicationContext
2020-02-06 11:26:22,073 INFO org.springframework.boot.web.servlet.context.ServletWebServerApplicationContext [restartedMain] Root WebApplicationContext: initialization completed in 1389 ms
2020-02-06 11:26:22,183 INFO com.zaxxer.hikari.HikariDataSource [restartedMain] HikariPool-1 - Starting...
2020-02-06 11:26:22,296 INFO com.zaxxer.hikari.HikariDataSource [restartedMain] HikariPool-1 - Start completed.
2020-02-06 11:26:22,334 INFO org.hibernate.jpa.internal.util.LogHelper [restartedMain] HHH000204: Processing PersistenceUnitInfo [
	name: default
	...]
2020-02-06 11:26:22,375 INFO org.hibernate.Version [restartedMain] HHH000412: Hibernate Core {5.3.10.Final}
2020-02-06 11:26:22,376 INFO org.hibernate.cfg.Environment [restartedMain] HHH000206: hibernate.properties not found
2020-02-06 11:26:22,462 INFO org.hibernate.annotations.common.reflection.java.JavaReflectionManager [restartedMain] HCANN000001: Hibernate Commons Annotations {5.0.4.Final}
2020-02-06 11:26:22,554 INFO org.hibernate.dialect.Dialect [restartedMain] HHH000400: Using dialect: org.hibernate.dialect.H2Dialect
2020-02-06 11:26:22,706 WARN org.hibernate.mapping.RootClass [restartedMain] HHH000038: Composite-id class does not override equals(): com.springboot.shoppingapp.entity.ProductCatalog
2020-02-06 11:26:22,706 WARN org.hibernate.mapping.RootClass [restartedMain] HHH000039: Composite-id class does not override hashCode(): com.springboot.shoppingapp.entity.ProductCatalog
2020-02-06 11:26:23,077 INFO org.hibernate.tool.schema.internal.SchemaCreatorImpl [restartedMain] HHH000476: Executing import script 'org.hibernate.tool.schema.internal.exec.ScriptSourceInputNonExistentImpl@af0f39e'
2020-02-06 11:26:23,080 INFO org.springframework.orm.jpa.AbstractEntityManagerFactoryBean [restartedMain] Initialized JPA EntityManagerFactory for persistence unit 'default'
2020-02-06 11:26:23,110 INFO org.springframework.boot.devtools.autoconfigure.OptionalLiveReloadServer [restartedMain] LiveReload server is running on port 35729
2020-02-06 11:26:23,526 WARN org.springframework.boot.autoconfigure.orm.jpa.JpaBaseConfiguration$JpaWebConfiguration$JpaWebMvcConfiguration [restartedMain] spring.jpa.open-in-view is enabled by default. Therefore, database queries may be performed during view rendering. Explicitly configure spring.jpa.open-in-view to disable this warning
2020-02-06 11:26:23,615 INFO springfox.documentation.spring.web.PropertySourcedRequestMappingHandlerMapping [restartedMain] Mapped URL path [/v2/api-docs] onto method [public org.springframework.http.ResponseEntity<springfox.documentation.spring.web.json.Json> springfox.documentation.swagger2.web.Swagger2Controller.getDocumentation(java.lang.String,javax.servlet.http.HttpServletRequest)]
2020-02-06 11:26:23,709 INFO org.springframework.scheduling.concurrent.ExecutorConfigurationSupport [restartedMain] Initializing ExecutorService 'applicationTaskExecutor'
2020-02-06 11:26:23,869 INFO springfox.documentation.spring.web.plugins.DocumentationPluginsBootstrapper [restartedMain] Context refreshed
2020-02-06 11:26:23,882 INFO springfox.documentation.spring.web.plugins.DocumentationPluginsBootstrapper [restartedMain] Found 1 custom documentation plugin(s)
2020-02-06 11:26:23,908 INFO springfox.documentation.spring.web.scanners.ApiListingReferenceScanner [restartedMain] Scanning for api listing references
2020-02-06 11:26:24,195 INFO springfox.documentation.spring.web.readers.operation.CachingOperationNameGenerator [restartedMain] Generating unique operation named: findAllUsingGET_1
2020-02-06 11:26:24,217 INFO org.apache.juli.logging.DirectJDKLog [restartedMain] Starting ProtocolHandler ["http-nio-8089"]
2020-02-06 11:26:24,234 INFO org.springframework.boot.web.embedded.tomcat.TomcatWebServer [restartedMain] Tomcat started on port(s): 8089 (http) with context path ''
2020-02-06 11:26:24,235 INFO org.springframework.boot.StartupInfoLogger [restartedMain] Started ShoppingappApplication in 3.973 seconds (JVM running for 4.644)
2020-02-06 11:27:25,303 INFO org.springframework.boot.StartupInfoLogger [restartedMain] Starting ShoppingappApplication on ELW4446 with PID 9492 (started by EI11333 in C:\MyBench\SBoot\Sandeep's 201\ShoppingApp)
2020-02-06 11:27:25,309 DEBUG org.springframework.boot.StartupInfoLogger [restartedMain] Running with Spring Boot v2.1.5.RELEASE, Spring v5.1.7.RELEASE
2020-02-06 11:27:25,310 INFO org.springframework.boot.SpringApplication [restartedMain] No active profile set, falling back to default profiles: default
2020-02-06 11:27:25,377 INFO org.springframework.boot.logging.DeferredLog [restartedMain] Devtools property defaults active! Set 'spring.devtools.add-properties' to 'false' to disable
2020-02-06 11:27:25,377 INFO org.springframework.boot.logging.DeferredLog [restartedMain] For additional web related logging consider setting the 'logging.level.web' property to 'DEBUG'
2020-02-06 11:27:26,008 INFO org.springframework.data.repository.config.RepositoryConfigurationDelegate [restartedMain] Bootstrapping Spring Data repositories in DEFAULT mode.
2020-02-06 11:27:26,066 INFO org.springframework.data.repository.config.RepositoryConfigurationDelegate [restartedMain] Finished Spring Data repository scanning in 52ms. Found 5 repository interfaces.
2020-02-06 11:27:26,405 INFO org.springframework.context.support.PostProcessorRegistrationDelegate$BeanPostProcessorChecker [restartedMain] Bean 'org.springframework.transaction.annotation.ProxyTransactionManagementConfiguration' of type [org.springframework.transaction.annotation.ProxyTransactionManagementConfiguration$$EnhancerBySpringCGLIB$$51df34dc] is not eligible for getting processed by all BeanPostProcessors (for example: not eligible for auto-proxying)
2020-02-06 11:27:26,670 INFO org.springframework.boot.web.embedded.tomcat.TomcatWebServer [restartedMain] Tomcat initialized with port(s): 8089 (http)
2020-02-06 11:27:26,680 INFO org.apache.juli.logging.DirectJDKLog [restartedMain] Initializing ProtocolHandler ["http-nio-8089"]
2020-02-06 11:27:26,687 INFO org.apache.juli.logging.DirectJDKLog [restartedMain] Starting service [Tomcat]
2020-02-06 11:27:26,687 INFO org.apache.juli.logging.DirectJDKLog [restartedMain] Starting Servlet engine: [Apache Tomcat/9.0.19]
2020-02-06 11:27:26,760 INFO org.apache.juli.logging.DirectJDKLog [restartedMain] Initializing Spring embedded WebApplicationContext
2020-02-06 11:27:26,761 INFO org.springframework.boot.web.servlet.context.ServletWebServerApplicationContext [restartedMain] Root WebApplicationContext: initialization completed in 1384 ms
2020-02-06 11:27:26,886 INFO com.zaxxer.hikari.HikariDataSource [restartedMain] HikariPool-1 - Starting...
2020-02-06 11:27:26,998 INFO com.zaxxer.hikari.HikariDataSource [restartedMain] HikariPool-1 - Start completed.
2020-02-06 11:27:27,034 INFO org.hibernate.jpa.internal.util.LogHelper [restartedMain] HHH000204: Processing PersistenceUnitInfo [
	name: default
	...]
2020-02-06 11:27:27,077 INFO org.hibernate.Version [restartedMain] HHH000412: Hibernate Core {5.3.10.Final}
2020-02-06 11:27:27,078 INFO org.hibernate.cfg.Environment [restartedMain] HHH000206: hibernate.properties not found
2020-02-06 11:27:27,164 INFO org.hibernate.annotations.common.reflection.java.JavaReflectionManager [restartedMain] HCANN000001: Hibernate Commons Annotations {5.0.4.Final}
2020-02-06 11:27:27,257 INFO org.hibernate.dialect.Dialect [restartedMain] HHH000400: Using dialect: org.hibernate.dialect.H2Dialect
2020-02-06 11:27:27,416 WARN org.hibernate.mapping.RootClass [restartedMain] HHH000038: Composite-id class does not override equals(): com.springboot.shoppingapp.entity.ProductCatalog
2020-02-06 11:27:27,416 WARN org.hibernate.mapping.RootClass [restartedMain] HHH000039: Composite-id class does not override hashCode(): com.springboot.shoppingapp.entity.ProductCatalog
2020-02-06 11:27:27,798 INFO org.hibernate.tool.schema.internal.SchemaCreatorImpl [restartedMain] HHH000476: Executing import script 'org.hibernate.tool.schema.internal.exec.ScriptSourceInputNonExistentImpl@7cf120c0'
2020-02-06 11:27:27,800 INFO org.springframework.orm.jpa.AbstractEntityManagerFactoryBean [restartedMain] Initialized JPA EntityManagerFactory for persistence unit 'default'
2020-02-06 11:27:27,830 INFO org.springframework.boot.devtools.autoconfigure.OptionalLiveReloadServer [restartedMain] LiveReload server is running on port 35729
2020-02-06 11:27:28,238 WARN org.springframework.boot.autoconfigure.orm.jpa.JpaBaseConfiguration$JpaWebConfiguration$JpaWebMvcConfiguration [restartedMain] spring.jpa.open-in-view is enabled by default. Therefore, database queries may be performed during view rendering. Explicitly configure spring.jpa.open-in-view to disable this warning
2020-02-06 11:27:28,326 INFO springfox.documentation.spring.web.PropertySourcedRequestMappingHandlerMapping [restartedMain] Mapped URL path [/v2/api-docs] onto method [public org.springframework.http.ResponseEntity<springfox.documentation.spring.web.json.Json> springfox.documentation.swagger2.web.Swagger2Controller.getDocumentation(java.lang.String,javax.servlet.http.HttpServletRequest)]
2020-02-06 11:27:28,419 INFO org.springframework.scheduling.concurrent.ExecutorConfigurationSupport [restartedMain] Initializing ExecutorService 'applicationTaskExecutor'
2020-02-06 11:27:28,566 INFO springfox.documentation.spring.web.plugins.DocumentationPluginsBootstrapper [restartedMain] Context refreshed
2020-02-06 11:27:28,578 INFO springfox.documentation.spring.web.plugins.DocumentationPluginsBootstrapper [restartedMain] Found 1 custom documentation plugin(s)
2020-02-06 11:27:28,602 INFO springfox.documentation.spring.web.scanners.ApiListingReferenceScanner [restartedMain] Scanning for api listing references
2020-02-06 11:27:28,886 INFO springfox.documentation.spring.web.readers.operation.CachingOperationNameGenerator [restartedMain] Generating unique operation named: findAllUsingGET_1
2020-02-06 11:27:28,907 INFO org.apache.juli.logging.DirectJDKLog [restartedMain] Starting ProtocolHandler ["http-nio-8089"]
2020-02-06 11:27:28,923 INFO org.springframework.boot.web.embedded.tomcat.TomcatWebServer [restartedMain] Tomcat started on port(s): 8089 (http) with context path ''
2020-02-06 11:27:28,925 INFO org.springframework.boot.StartupInfoLogger [restartedMain] Started ShoppingappApplication in 3.977 seconds (JVM running for 4.625)
2020-02-06 14:20:51,458 WARN com.zaxxer.hikari.pool.HikariPool$HouseKeeper [HikariPool-1 housekeeper] HikariPool-1 - Thread starvation or clock leap detected (housekeeper delta=50m53s607ms222µs).
2020-02-06 15:14:00,734 WARN com.zaxxer.hikari.pool.HikariPool$HouseKeeper [HikariPool-1 housekeeper] HikariPool-1 - Thread starvation or clock leap detected (housekeeper delta=14m8s431ms961µs500ns).
2020-02-06 15:18:28,138 INFO org.springframework.boot.StartupInfoLogger [restartedMain] Starting ShoppingappApplication on ELW4446 with PID 24048 (started by EI11333 in C:\MyBench\SBoot\Sandeep's 201\ShoppingApp)
2020-02-06 15:18:28,143 DEBUG org.springframework.boot.StartupInfoLogger [restartedMain] Running with Spring Boot v2.1.5.RELEASE, Spring v5.1.7.RELEASE
2020-02-06 15:18:28,146 INFO org.springframework.boot.SpringApplication [restartedMain] No active profile set, falling back to default profiles: default
2020-02-06 15:18:28,248 INFO org.springframework.boot.logging.DeferredLog [restartedMain] Devtools property defaults active! Set 'spring.devtools.add-properties' to 'false' to disable
2020-02-06 15:18:28,249 INFO org.springframework.boot.logging.DeferredLog [restartedMain] For additional web related logging consider setting the 'logging.level.web' property to 'DEBUG'
2020-02-06 15:18:30,480 INFO org.springframework.data.repository.config.RepositoryConfigurationDelegate [restartedMain] Bootstrapping Spring Data repositories in DEFAULT mode.
2020-02-06 15:18:30,658 INFO org.springframework.data.repository.config.RepositoryConfigurationDelegate [restartedMain] Finished Spring Data repository scanning in 154ms. Found 5 repository interfaces.
2020-02-06 15:18:31,745 INFO org.springframework.context.support.PostProcessorRegistrationDelegate$BeanPostProcessorChecker [restartedMain] Bean 'org.springframework.transaction.annotation.ProxyTransactionManagementConfiguration' of type [org.springframework.transaction.annotation.ProxyTransactionManagementConfiguration$$EnhancerBySpringCGLIB$$d7abce57] is not eligible for getting processed by all BeanPostProcessors (for example: not eligible for auto-proxying)
2020-02-06 15:18:32,763 INFO org.springframework.boot.web.embedded.tomcat.TomcatWebServer [restartedMain] Tomcat initialized with port(s): 8089 (http)
2020-02-06 15:18:32,825 INFO org.apache.juli.logging.DirectJDKLog [restartedMain] Initializing ProtocolHandler ["http-nio-8089"]
2020-02-06 15:18:32,875 INFO org.apache.juli.logging.DirectJDKLog [restartedMain] Starting service [Tomcat]
2020-02-06 15:18:32,877 INFO org.apache.juli.logging.DirectJDKLog [restartedMain] Starting Servlet engine: [Apache Tomcat/9.0.19]
2020-02-06 15:18:33,264 INFO org.apache.juli.logging.DirectJDKLog [restartedMain] Initializing Spring embedded WebApplicationContext
2020-02-06 15:18:33,265 INFO org.springframework.boot.web.servlet.context.ServletWebServerApplicationContext [restartedMain] Root WebApplicationContext: initialization completed in 5015 ms
2020-02-06 15:18:33,674 INFO com.zaxxer.hikari.HikariDataSource [restartedMain] HikariPool-1 - Starting...
2020-02-06 15:18:33,996 INFO com.zaxxer.hikari.HikariDataSource [restartedMain] HikariPool-1 - Start completed.
2020-02-06 15:18:34,107 INFO org.hibernate.jpa.internal.util.LogHelper [restartedMain] HHH000204: Processing PersistenceUnitInfo [
	name: default
	...]
2020-02-06 15:18:34,227 INFO org.hibernate.Version [restartedMain] HHH000412: Hibernate Core {5.3.10.Final}
2020-02-06 15:18:34,229 INFO org.hibernate.cfg.Environment [restartedMain] HHH000206: hibernate.properties not found
2020-02-06 15:18:34,454 INFO org.hibernate.annotations.common.reflection.java.JavaReflectionManager [restartedMain] HCANN000001: Hibernate Commons Annotations {5.0.4.Final}
2020-02-06 15:18:34,696 INFO org.hibernate.dialect.Dialect [restartedMain] HHH000400: Using dialect: org.hibernate.dialect.H2Dialect
2020-02-06 15:18:35,127 WARN org.hibernate.mapping.RootClass [restartedMain] HHH000038: Composite-id class does not override equals(): com.springboot.shoppingapp.entity.ProductCatalog
2020-02-06 15:18:35,128 WARN org.hibernate.mapping.RootClass [restartedMain] HHH000039: Composite-id class does not override hashCode(): com.springboot.shoppingapp.entity.ProductCatalog
2020-02-06 15:18:36,088 INFO org.hibernate.tool.schema.internal.SchemaCreatorImpl [restartedMain] HHH000476: Executing import script 'org.hibernate.tool.schema.internal.exec.ScriptSourceInputNonExistentImpl@758070a3'
2020-02-06 15:18:36,095 INFO org.springframework.orm.jpa.AbstractEntityManagerFactoryBean [restartedMain] Initialized JPA EntityManagerFactory for persistence unit 'default'
2020-02-06 15:18:36,198 INFO org.springframework.boot.devtools.autoconfigure.OptionalLiveReloadServer [restartedMain] LiveReload server is running on port 35729
2020-02-06 15:18:37,760 WARN org.springframework.boot.autoconfigure.orm.jpa.JpaBaseConfiguration$JpaWebConfiguration$JpaWebMvcConfiguration [restartedMain] spring.jpa.open-in-view is enabled by default. Therefore, database queries may be performed during view rendering. Explicitly configure spring.jpa.open-in-view to disable this warning
2020-02-06 15:18:38,054 INFO springfox.documentation.spring.web.PropertySourcedRequestMappingHandlerMapping [restartedMain] Mapped URL path [/v2/api-docs] onto method [public org.springframework.http.ResponseEntity<springfox.documentation.spring.web.json.Json> springfox.documentation.swagger2.web.Swagger2Controller.getDocumentation(java.lang.String,javax.servlet.http.HttpServletRequest)]
2020-02-06 15:18:38,347 INFO org.springframework.scheduling.concurrent.ExecutorConfigurationSupport [restartedMain] Initializing ExecutorService 'applicationTaskExecutor'
2020-02-06 15:18:38,722 INFO springfox.documentation.spring.web.plugins.DocumentationPluginsBootstrapper [restartedMain] Context refreshed
2020-02-06 15:18:38,757 INFO springfox.documentation.spring.web.plugins.DocumentationPluginsBootstrapper [restartedMain] Found 1 custom documentation plugin(s)
2020-02-06 15:18:38,820 INFO springfox.documentation.spring.web.scanners.ApiListingReferenceScanner [restartedMain] Scanning for api listing references
2020-02-06 15:18:39,516 INFO springfox.documentation.spring.web.readers.operation.CachingOperationNameGenerator [restartedMain] Generating unique operation named: findAllUsingGET_1
2020-02-06 15:18:39,571 INFO org.apache.juli.logging.DirectJDKLog [restartedMain] Starting ProtocolHandler ["http-nio-8089"]
2020-02-06 15:18:39,607 INFO org.springframework.boot.web.embedded.tomcat.TomcatWebServer [restartedMain] Tomcat started on port(s): 8089 (http) with context path ''
2020-02-06 15:18:39,611 INFO org.springframework.boot.StartupInfoLogger [restartedMain] Started ShoppingappApplication in 12.459 seconds (JVM running for 14.577)
2020-02-06 15:21:37,252 INFO org.springframework.boot.StartupInfoLogger [restartedMain] Starting ShoppingappApplication on ELW4446 with PID 19576 (started by EI11333 in C:\MyBench\SBoot\Sandeep's 201\ShoppingApp)
2020-02-06 15:21:37,266 DEBUG org.springframework.boot.StartupInfoLogger [restartedMain] Running with Spring Boot v2.1.5.RELEASE, Spring v5.1.7.RELEASE
2020-02-06 15:21:37,272 INFO org.springframework.boot.SpringApplication [restartedMain] No active profile set, falling back to default profiles: default
2020-02-06 15:21:37,406 INFO org.springframework.boot.logging.DeferredLog [restartedMain] Devtools property defaults active! Set 'spring.devtools.add-properties' to 'false' to disable
2020-02-06 15:21:37,406 INFO org.springframework.boot.logging.DeferredLog [restartedMain] For additional web related logging consider setting the 'logging.level.web' property to 'DEBUG'
2020-02-06 15:21:38,643 INFO org.springframework.data.repository.config.RepositoryConfigurationDelegate [restartedMain] Bootstrapping Spring Data repositories in DEFAULT mode.
2020-02-06 15:21:38,835 INFO org.springframework.data.repository.config.RepositoryConfigurationDelegate [restartedMain] Finished Spring Data repository scanning in 178ms. Found 5 repository interfaces.
2020-02-06 15:21:40,164 INFO org.springframework.context.support.PostProcessorRegistrationDelegate$BeanPostProcessorChecker [restartedMain] Bean 'org.springframework.transaction.annotation.ProxyTransactionManagementConfiguration' of type [org.springframework.transaction.annotation.ProxyTransactionManagementConfiguration$$EnhancerBySpringCGLIB$$5bf37b97] is not eligible for getting processed by all BeanPostProcessors (for example: not eligible for auto-proxying)
2020-02-06 15:21:40,918 INFO org.springframework.boot.web.embedded.tomcat.TomcatWebServer [restartedMain] Tomcat initialized with port(s): 8089 (http)
2020-02-06 15:21:40,946 INFO org.apache.juli.logging.DirectJDKLog [restartedMain] Initializing ProtocolHandler ["http-nio-8089"]
2020-02-06 15:21:40,963 INFO org.apache.juli.logging.DirectJDKLog [restartedMain] Starting service [Tomcat]
2020-02-06 15:21:40,964 INFO org.apache.juli.logging.DirectJDKLog [restartedMain] Starting Servlet engine: [Apache Tomcat/9.0.19]
2020-02-06 15:21:41,226 INFO org.apache.juli.logging.DirectJDKLog [restartedMain] Initializing Spring embedded WebApplicationContext
2020-02-06 15:21:41,227 INFO org.springframework.boot.web.servlet.context.ServletWebServerApplicationContext [restartedMain] Root WebApplicationContext: initialization completed in 3820 ms
2020-02-06 15:21:41,709 INFO com.zaxxer.hikari.HikariDataSource [restartedMain] HikariPool-1 - Starting...
2020-02-06 15:21:41,979 INFO com.zaxxer.hikari.HikariDataSource [restartedMain] HikariPool-1 - Start completed.
2020-02-06 15:21:42,062 INFO org.hibernate.jpa.internal.util.LogHelper [restartedMain] HHH000204: Processing PersistenceUnitInfo [
	name: default
	...]
2020-02-06 15:21:42,198 INFO org.hibernate.Version [restartedMain] HHH000412: Hibernate Core {5.3.10.Final}
2020-02-06 15:21:42,199 INFO org.hibernate.cfg.Environment [restartedMain] HHH000206: hibernate.properties not found
2020-02-06 15:21:42,423 INFO org.hibernate.annotations.common.reflection.java.JavaReflectionManager [restartedMain] HCANN000001: Hibernate Commons Annotations {5.0.4.Final}
2020-02-06 15:21:42,615 INFO org.hibernate.dialect.Dialect [restartedMain] HHH000400: Using dialect: org.hibernate.dialect.H2Dialect
2020-02-06 15:21:42,898 WARN org.hibernate.mapping.RootClass [restartedMain] HHH000038: Composite-id class does not override equals(): com.springboot.shoppingapp.entity.ProductCatalog
2020-02-06 15:21:42,898 WARN org.hibernate.mapping.RootClass [restartedMain] HHH000039: Composite-id class does not override hashCode(): com.springboot.shoppingapp.entity.ProductCatalog
2020-02-06 15:21:43,708 INFO org.hibernate.tool.schema.internal.SchemaCreatorImpl [restartedMain] HHH000476: Executing import script 'org.hibernate.tool.schema.internal.exec.ScriptSourceInputNonExistentImpl@3484009a'
2020-02-06 15:21:43,714 INFO org.springframework.orm.jpa.AbstractEntityManagerFactoryBean [restartedMain] Initialized JPA EntityManagerFactory for persistence unit 'default'
2020-02-06 15:21:43,790 INFO org.springframework.boot.devtools.autoconfigure.OptionalLiveReloadServer [restartedMain] LiveReload server is running on port 35729
2020-02-06 15:21:44,734 WARN org.springframework.boot.autoconfigure.orm.jpa.JpaBaseConfiguration$JpaWebConfiguration$JpaWebMvcConfiguration [restartedMain] spring.jpa.open-in-view is enabled by default. Therefore, database queries may be performed during view rendering. Explicitly configure spring.jpa.open-in-view to disable this warning
2020-02-06 15:21:44,975 INFO springfox.documentation.spring.web.PropertySourcedRequestMappingHandlerMapping [restartedMain] Mapped URL path [/v2/api-docs] onto method [public org.springframework.http.ResponseEntity<springfox.documentation.spring.web.json.Json> springfox.documentation.swagger2.web.Swagger2Controller.getDocumentation(java.lang.String,javax.servlet.http.HttpServletRequest)]
2020-02-06 15:21:45,170 INFO org.springframework.scheduling.concurrent.ExecutorConfigurationSupport [restartedMain] Initializing ExecutorService 'applicationTaskExecutor'
2020-02-06 15:21:45,644 INFO springfox.documentation.spring.web.plugins.DocumentationPluginsBootstrapper [restartedMain] Context refreshed
2020-02-06 15:21:45,675 INFO springfox.documentation.spring.web.plugins.DocumentationPluginsBootstrapper [restartedMain] Found 1 custom documentation plugin(s)
2020-02-06 15:21:45,734 INFO springfox.documentation.spring.web.scanners.ApiListingReferenceScanner [restartedMain] Scanning for api listing references
2020-02-06 15:21:46,373 INFO springfox.documentation.spring.web.readers.operation.CachingOperationNameGenerator [restartedMain] Generating unique operation named: findAllUsingGET_1
2020-02-06 15:21:46,440 INFO org.apache.juli.logging.DirectJDKLog [restartedMain] Starting ProtocolHandler ["http-nio-8089"]
2020-02-06 15:21:46,480 INFO org.springframework.boot.web.embedded.tomcat.TomcatWebServer [restartedMain] Tomcat started on port(s): 8089 (http) with context path ''
2020-02-06 15:21:46,484 INFO org.springframework.boot.StartupInfoLogger [restartedMain] Started ShoppingappApplication in 9.993 seconds (JVM running for 11.456)
2020-02-06 15:45:46,853 INFO org.springframework.boot.StartupInfoLogger [restartedMain] Starting ShoppingappApplication on ELW4446 with PID 18540 (started by EI11333 in C:\MyBench\SBoot\Sandeep's 201\ShoppingApp)
2020-02-06 15:45:46,859 DEBUG org.springframework.boot.StartupInfoLogger [restartedMain] Running with Spring Boot v2.1.5.RELEASE, Spring v5.1.7.RELEASE
2020-02-06 15:45:46,860 INFO org.springframework.boot.SpringApplication [restartedMain] No active profile set, falling back to default profiles: default
2020-02-06 15:45:46,958 INFO org.springframework.boot.logging.DeferredLog [restartedMain] Devtools property defaults active! Set 'spring.devtools.add-properties' to 'false' to disable
2020-02-06 15:45:46,959 INFO org.springframework.boot.logging.DeferredLog [restartedMain] For additional web related logging consider setting the 'logging.level.web' property to 'DEBUG'
2020-02-06 15:45:49,197 INFO org.springframework.data.repository.config.RepositoryConfigurationDelegate [restartedMain] Bootstrapping Spring Data repositories in DEFAULT mode.
2020-02-06 15:45:49,306 INFO org.springframework.data.repository.config.RepositoryConfigurationDelegate [restartedMain] Finished Spring Data repository scanning in 97ms. Found 5 repository interfaces.
2020-02-06 15:45:50,942 INFO org.springframework.context.support.PostProcessorRegistrationDelegate$BeanPostProcessorChecker [restartedMain] Bean 'org.springframework.transaction.annotation.ProxyTransactionManagementConfiguration' of type [org.springframework.transaction.annotation.ProxyTransactionManagementConfiguration$$EnhancerBySpringCGLIB$$4afbf1] is not eligible for getting processed by all BeanPostProcessors (for example: not eligible for auto-proxying)
2020-02-06 15:45:51,779 INFO org.springframework.boot.web.embedded.tomcat.TomcatWebServer [restartedMain] Tomcat initialized with port(s): 8089 (http)
2020-02-06 15:45:51,796 INFO org.apache.juli.logging.DirectJDKLog [restartedMain] Initializing ProtocolHandler ["http-nio-8089"]
2020-02-06 15:45:51,808 INFO org.apache.juli.logging.DirectJDKLog [restartedMain] Starting service [Tomcat]
2020-02-06 15:45:51,810 INFO org.apache.juli.logging.DirectJDKLog [restartedMain] Starting Servlet engine: [Apache Tomcat/9.0.19]
2020-02-06 15:45:52,022 INFO org.apache.juli.logging.DirectJDKLog [restartedMain] Initializing Spring embedded WebApplicationContext
2020-02-06 15:45:52,024 INFO org.springframework.boot.web.servlet.context.ServletWebServerApplicationContext [restartedMain] Root WebApplicationContext: initialization completed in 5065 ms
2020-02-06 15:45:52,879 INFO com.zaxxer.hikari.HikariDataSource [restartedMain] HikariPool-1 - Starting...
2020-02-06 15:45:53,036 INFO com.zaxxer.hikari.HikariDataSource [restartedMain] HikariPool-1 - Start completed.
2020-02-06 15:45:53,144 INFO org.hibernate.jpa.internal.util.LogHelper [restartedMain] HHH000204: Processing PersistenceUnitInfo [
	name: default
	...]
2020-02-06 15:45:53,343 INFO org.hibernate.Version [restartedMain] HHH000412: Hibernate Core {5.3.10.Final}
2020-02-06 15:45:53,347 INFO org.hibernate.cfg.Environment [restartedMain] HHH000206: hibernate.properties not found
2020-02-06 15:45:53,507 INFO org.hibernate.annotations.common.reflection.java.JavaReflectionManager [restartedMain] HCANN000001: Hibernate Commons Annotations {5.0.4.Final}
2020-02-06 15:45:53,679 INFO org.hibernate.dialect.Dialect [restartedMain] HHH000400: Using dialect: org.hibernate.dialect.H2Dialect
2020-02-06 15:45:53,983 WARN org.hibernate.mapping.RootClass [restartedMain] HHH000038: Composite-id class does not override equals(): com.springboot.shoppingapp.entity.ProductCatalog
2020-02-06 15:45:53,984 WARN org.hibernate.mapping.RootClass [restartedMain] HHH000039: Composite-id class does not override hashCode(): com.springboot.shoppingapp.entity.ProductCatalog
2020-02-06 15:45:54,702 INFO org.hibernate.tool.schema.internal.SchemaCreatorImpl [restartedMain] HHH000476: Executing import script 'org.hibernate.tool.schema.internal.exec.ScriptSourceInputNonExistentImpl@4a96a8dd'
2020-02-06 15:45:54,707 INFO org.springframework.orm.jpa.AbstractEntityManagerFactoryBean [restartedMain] Initialized JPA EntityManagerFactory for persistence unit 'default'
2020-02-06 15:45:54,797 INFO org.springframework.boot.devtools.autoconfigure.OptionalLiveReloadServer [restartedMain] LiveReload server is running on port 35729
2020-02-06 15:45:56,095 WARN org.springframework.boot.autoconfigure.orm.jpa.JpaBaseConfiguration$JpaWebConfiguration$JpaWebMvcConfiguration [restartedMain] spring.jpa.open-in-view is enabled by default. Therefore, database queries may be performed during view rendering. Explicitly configure spring.jpa.open-in-view to disable this warning
2020-02-06 15:45:56,413 INFO org.springframework.boot.actuate.endpoint.web.EndpointLinksResolver [restartedMain] Exposing 2 endpoint(s) beneath base path '/actuator'
2020-02-06 15:45:56,526 INFO springfox.documentation.spring.web.PropertySourcedRequestMappingHandlerMapping [restartedMain] Mapped URL path [/v2/api-docs] onto method [public org.springframework.http.ResponseEntity<springfox.documentation.spring.web.json.Json> springfox.documentation.swagger2.web.Swagger2Controller.getDocumentation(java.lang.String,javax.servlet.http.HttpServletRequest)]
2020-02-06 15:45:56,695 INFO org.springframework.scheduling.concurrent.ExecutorConfigurationSupport [restartedMain] Initializing ExecutorService 'applicationTaskExecutor'
2020-02-06 15:45:57,131 INFO springfox.documentation.spring.web.plugins.DocumentationPluginsBootstrapper [restartedMain] Context refreshed
2020-02-06 15:45:57,158 INFO springfox.documentation.spring.web.plugins.DocumentationPluginsBootstrapper [restartedMain] Found 1 custom documentation plugin(s)
2020-02-06 15:45:57,210 INFO springfox.documentation.spring.web.scanners.ApiListingReferenceScanner [restartedMain] Scanning for api listing references
2020-02-06 15:45:57,474 INFO springfox.documentation.spring.web.readers.operation.CachingOperationNameGenerator [restartedMain] Generating unique operation named: handleUsingGET_1
2020-02-06 15:45:57,480 INFO springfox.documentation.spring.web.readers.operation.CachingOperationNameGenerator [restartedMain] Generating unique operation named: handleUsingGET_2
2020-02-06 15:45:57,483 INFO springfox.documentation.spring.web.readers.operation.CachingOperationNameGenerator [restartedMain] Generating unique operation named: handleUsingGET_3
2020-02-06 15:45:57,552 INFO springfox.documentation.spring.web.readers.operation.CachingOperationNameGenerator [restartedMain] Generating unique operation named: findAllUsingGET_1
2020-02-06 15:45:57,634 INFO org.apache.juli.logging.DirectJDKLog [restartedMain] Starting ProtocolHandler ["http-nio-8089"]
2020-02-06 15:45:57,662 INFO org.springframework.boot.web.embedded.tomcat.TomcatWebServer [restartedMain] Tomcat started on port(s): 8089 (http) with context path ''
2020-02-06 15:45:57,665 INFO org.springframework.boot.StartupInfoLogger [restartedMain] Started ShoppingappApplication in 11.872 seconds (JVM running for 14.055)
2020-02-06 15:45:58,633 INFO org.apache.juli.logging.DirectJDKLog [RMI TCP Connection(3)-10.12.205.227] Initializing Spring DispatcherServlet 'dispatcherServlet'
2020-02-06 15:45:58,634 INFO org.springframework.web.servlet.FrameworkServlet [RMI TCP Connection(3)-10.12.205.227] Initializing Servlet 'dispatcherServlet'
2020-02-06 15:45:58,648 INFO org.springframework.web.servlet.FrameworkServlet [RMI TCP Connection(3)-10.12.205.227] Completed initialization in 13 ms
2020-02-06 15:46:03,248 DEBUG com.springboot.shoppingapp.controller.ShoppingController [http-nio-8089-exec-1] findAll()
2020-02-06 15:46:03,250 DEBUG com.springboot.shoppingapp.service.impl.UserServiceImpl [http-nio-8089-exec-1] getAll()
2020-02-06 15:46:03,363 INFO org.hibernate.hql.internal.QueryTranslatorFactoryInitiator [http-nio-8089-exec-1] HHH000397: Using ASTQueryTranslatorFactory
2020-02-06 15:48:05,661 WARN org.springframework.web.servlet.handler.AbstractHandlerExceptionResolver [http-nio-8089-exec-8] Resolved [org.springframework.web.method.annotation.MethodArgumentTypeMismatchException: Failed to convert value of type 'java.lang.String' to required type 'int'; nested exception is java.lang.NumberFormatException: For input string: "health"]
2020-02-06 15:48:09,993 DEBUG com.springboot.shoppingapp.controller.ShoppingController [http-nio-8089-exec-10] findAll()
2020-02-06 15:48:09,994 DEBUG com.springboot.shoppingapp.service.impl.UserServiceImpl [http-nio-8089-exec-10] getAll()
