2019-09-06 14:51:49,262 INFO org.springframework.boot.StartupInfoLogger [restartedMain] Starting ShoppingappApplication on ELW4446 with PID 24420 (started by EI11333 in C:\MyBench\SBoot\Sandeep's 201\ShoppingApp)
2019-09-06 14:51:49,270 DEBUG org.springframework.boot.StartupInfoLogger [restartedMain] Running with Spring Boot v2.1.5.RELEASE, Spring v5.1.7.RELEASE
2019-09-06 14:51:49,271 INFO org.springframework.boot.SpringApplication [restartedMain] No active profile set, falling back to default profiles: default
2019-09-06 14:51:49,361 INFO org.springframework.boot.logging.DeferredLog [restartedMain] Devtools property defaults active! Set 'spring.devtools.add-properties' to 'false' to disable
2019-09-06 14:51:49,362 INFO org.springframework.boot.logging.DeferredLog [restartedMain] For additional web related logging consider setting the 'logging.level.web' property to 'DEBUG'
2019-09-06 14:51:50,705 INFO org.springframework.data.repository.config.RepositoryConfigurationDelegate [restartedMain] Bootstrapping Spring Data repositories in DEFAULT mode.
2019-09-06 14:51:50,801 INFO org.springframework.data.repository.config.RepositoryConfigurationDelegate [restartedMain] Finished Spring Data repository scanning in 83ms. Found 5 repository interfaces.
2019-09-06 14:51:51,539 INFO org.springframework.context.support.PostProcessorRegistrationDelegate$BeanPostProcessorChecker [restartedMain] Bean 'org.springframework.transaction.annotation.ProxyTransactionManagementConfiguration' of type [org.springframework.transaction.annotation.ProxyTransactionManagementConfiguration$$EnhancerBySpringCGLIB$$dd3229d7] is not eligible for getting processed by all BeanPostProcessors (for example: not eligible for auto-proxying)
2019-09-06 14:51:52,064 INFO org.springframework.boot.web.embedded.tomcat.TomcatWebServer [restartedMain] Tomcat initialized with port(s): 8089 (http)
2019-09-06 14:51:52,089 INFO org.apache.juli.logging.DirectJDKLog [restartedMain] Initializing ProtocolHandler ["http-nio-8089"]
2019-09-06 14:51:52,107 INFO org.apache.juli.logging.DirectJDKLog [restartedMain] Starting service [Tomcat]
2019-09-06 14:51:52,109 INFO org.apache.juli.logging.DirectJDKLog [restartedMain] Starting Servlet engine: [Apache Tomcat/9.0.19]
2019-09-06 14:51:52,263 INFO org.apache.juli.logging.DirectJDKLog [restartedMain] Initializing Spring embedded WebApplicationContext
2019-09-06 14:51:52,265 INFO org.springframework.boot.web.servlet.context.ServletWebServerApplicationContext [restartedMain] Root WebApplicationContext: initialization completed in 2903 ms
2019-09-06 14:51:52,498 INFO com.zaxxer.hikari.HikariDataSource [restartedMain] HikariPool-1 - Starting...
2019-09-06 14:51:52,702 INFO com.zaxxer.hikari.HikariDataSource [restartedMain] HikariPool-1 - Start completed.
2019-09-06 14:51:52,786 INFO org.hibernate.jpa.internal.util.LogHelper [restartedMain] HHH000204: Processing PersistenceUnitInfo [
	name: default
	...]
2019-09-06 14:51:52,903 INFO org.hibernate.Version [restartedMain] HHH000412: Hibernate Core {5.3.10.Final}
2019-09-06 14:51:52,906 INFO org.hibernate.cfg.Environment [restartedMain] HHH000206: hibernate.properties not found
2019-09-06 14:51:53,125 INFO org.hibernate.annotations.common.reflection.java.JavaReflectionManager [restartedMain] HCANN000001: Hibernate Commons Annotations {5.0.4.Final}
2019-09-06 14:51:53,302 INFO org.hibernate.dialect.Dialect [restartedMain] HHH000400: Using dialect: org.hibernate.dialect.H2Dialect
2019-09-06 14:51:53,585 WARN org.hibernate.mapping.RootClass [restartedMain] HHH000038: Composite-id class does not override equals(): com.springboot.shoppingapp.entity.ProductCatalog
2019-09-06 14:51:53,585 WARN org.hibernate.mapping.RootClass [restartedMain] HHH000039: Composite-id class does not override hashCode(): com.springboot.shoppingapp.entity.ProductCatalog
2019-09-06 14:51:54,633 INFO org.hibernate.tool.schema.internal.SchemaCreatorImpl [restartedMain] HHH000476: Executing import script 'org.hibernate.tool.schema.internal.exec.ScriptSourceInputNonExistentImpl@29a39531'
2019-09-06 14:51:54,640 INFO org.springframework.orm.jpa.AbstractEntityManagerFactoryBean [restartedMain] Initialized JPA EntityManagerFactory for persistence unit 'default'
2019-09-06 14:51:54,717 INFO org.springframework.boot.devtools.autoconfigure.OptionalLiveReloadServer [restartedMain] LiveReload server is running on port 35729
2019-09-06 14:51:55,773 WARN org.springframework.boot.autoconfigure.orm.jpa.JpaBaseConfiguration$JpaWebConfiguration$JpaWebMvcConfiguration [restartedMain] spring.jpa.open-in-view is enabled by default. Therefore, database queries may be performed during view rendering. Explicitly configure spring.jpa.open-in-view to disable this warning
2019-09-06 14:51:55,952 INFO springfox.documentation.spring.web.PropertySourcedRequestMappingHandlerMapping [restartedMain] Mapped URL path [/v2/api-docs] onto method [public org.springframework.http.ResponseEntity<springfox.documentation.spring.web.json.Json> springfox.documentation.swagger2.web.Swagger2Controller.getDocumentation(java.lang.String,javax.servlet.http.HttpServletRequest)]
2019-09-06 14:51:56,135 INFO org.springframework.scheduling.concurrent.ExecutorConfigurationSupport [restartedMain] Initializing ExecutorService 'applicationTaskExecutor'
2019-09-06 14:51:56,433 INFO springfox.documentation.spring.web.plugins.DocumentationPluginsBootstrapper [restartedMain] Context refreshed
2019-09-06 14:51:56,465 INFO springfox.documentation.spring.web.plugins.DocumentationPluginsBootstrapper [restartedMain] Found 1 custom documentation plugin(s)
2019-09-06 14:51:56,527 INFO springfox.documentation.spring.web.scanners.ApiListingReferenceScanner [restartedMain] Scanning for api listing references
2019-09-06 14:51:57,173 INFO springfox.documentation.spring.web.readers.operation.CachingOperationNameGenerator [restartedMain] Generating unique operation named: findAllUsingGET_1
2019-09-06 14:51:57,227 INFO org.apache.juli.logging.DirectJDKLog [restartedMain] Starting ProtocolHandler ["http-nio-8089"]
2019-09-06 14:51:57,255 INFO org.springframework.boot.web.embedded.tomcat.TomcatWebServer [restartedMain] Tomcat started on port(s): 8089 (http) with context path ''
2019-09-06 14:51:57,260 INFO org.springframework.boot.StartupInfoLogger [restartedMain] Started ShoppingappApplication in 8.846 seconds (JVM running for 10.347)
2019-09-06 14:52:01,956 INFO org.apache.juli.logging.DirectJDKLog [http-nio-8089-exec-1] Initializing Spring DispatcherServlet 'dispatcherServlet'
2019-09-06 14:52:01,956 INFO org.springframework.web.servlet.FrameworkServlet [http-nio-8089-exec-1] Initializing Servlet 'dispatcherServlet'
2019-09-06 14:52:01,962 INFO org.springframework.web.servlet.FrameworkServlet [http-nio-8089-exec-1] Completed initialization in 6 ms
2019-09-06 14:52:01,996 DEBUG com.springboot.shoppingapp.controller.ShoppingController [http-nio-8089-exec-1] findAll()
2019-09-06 14:52:01,996 DEBUG com.springboot.shoppingapp.service.impl.UserServiceImpl [http-nio-8089-exec-1] getAll()
2019-09-06 14:52:02,039 INFO org.hibernate.hql.internal.QueryTranslatorFactoryInitiator [http-nio-8089-exec-1] HHH000397: Using ASTQueryTranslatorFactory
2019-09-06 14:52:04,136 DEBUG com.springboot.shoppingapp.controller.ShoppingController [http-nio-8089-exec-2] showCart(1)
2019-09-06 14:52:04,137 DEBUG com.springboot.shoppingapp.service.impl.UserServiceImpl [http-nio-8089-exec-2] viewCart(1)
2019-09-06 14:52:10,716 DEBUG com.springboot.shoppingapp.controller.ShoppingController [http-nio-8089-exec-3] findAll()
2019-09-06 14:52:10,718 DEBUG com.springboot.shoppingapp.service.impl.UserServiceImpl [http-nio-8089-exec-3] getAll()
2019-09-06 14:52:12,078 DEBUG com.springboot.shoppingapp.controller.ShoppingController [http-nio-8089-exec-4] showCart(2)
2019-09-06 14:52:12,080 DEBUG com.springboot.shoppingapp.service.impl.UserServiceImpl [http-nio-8089-exec-4] viewCart(2)
2019-09-06 14:52:13,686 DEBUG com.springboot.shoppingapp.controller.ShoppingController [http-nio-8089-exec-5] findAll()
2019-09-06 14:52:13,687 DEBUG com.springboot.shoppingapp.service.impl.UserServiceImpl [http-nio-8089-exec-5] getAll()
2019-09-06 14:52:14,519 DEBUG com.springboot.shoppingapp.controller.ShoppingController [http-nio-8089-exec-6] showCart(3)
2019-09-06 14:52:14,521 DEBUG com.springboot.shoppingapp.service.impl.UserServiceImpl [http-nio-8089-exec-6] viewCart(3)
2019-09-06 14:52:30,104 DEBUG com.springboot.shoppingapp.controller.ShoppingController [http-nio-8089-exec-7] findAll()
2019-09-06 14:52:30,105 DEBUG com.springboot.shoppingapp.service.impl.UserServiceImpl [http-nio-8089-exec-7] getAll()
2019-09-06 14:52:32,504 DEBUG com.springboot.shoppingapp.controller.ShoppingController [http-nio-8089-exec-8] showCart(2)
2019-09-06 14:52:32,506 DEBUG com.springboot.shoppingapp.service.impl.UserServiceImpl [http-nio-8089-exec-8] viewCart(2)
2019-09-06 14:52:40,237 DEBUG com.springboot.shoppingapp.controller.ShoppingController [http-nio-8089-exec-9] findAll()
2019-09-06 14:52:40,238 DEBUG com.springboot.shoppingapp.service.impl.UserServiceImpl [http-nio-8089-exec-9] getAll()
2019-09-06 14:52:41,131 DEBUG com.springboot.shoppingapp.controller.ShoppingController [http-nio-8089-exec-10] showCart(1)
2019-09-06 14:52:41,132 DEBUG com.springboot.shoppingapp.service.impl.UserServiceImpl [http-nio-8089-exec-10] viewCart(1)
2019-09-06 14:53:07,952 DEBUG com.springboot.shoppingapp.controller.ShoppingController [http-nio-8089-exec-1] findAll()
2019-09-06 14:53:07,952 DEBUG com.springboot.shoppingapp.service.impl.UserServiceImpl [http-nio-8089-exec-1] getAll()
2019-09-06 15:04:55,292 DEBUG com.springboot.shoppingapp.controller.ShoppingController [http-nio-8089-exec-3] findAll()
2019-09-06 15:04:55,293 DEBUG com.springboot.shoppingapp.service.impl.UserServiceImpl [http-nio-8089-exec-3] getAll()
2019-09-06 15:04:58,936 DEBUG com.springboot.shoppingapp.controller.ShoppingController [http-nio-8089-exec-4] findAll()
2019-09-06 15:04:58,937 DEBUG com.springboot.shoppingapp.service.impl.UserServiceImpl [http-nio-8089-exec-4] getAll()
2019-09-06 15:05:00,006 DEBUG com.springboot.shoppingapp.controller.ShoppingController [http-nio-8089-exec-5] showCart(1)
2019-09-06 15:05:00,007 DEBUG com.springboot.shoppingapp.service.impl.UserServiceImpl [http-nio-8089-exec-5] viewCart(1)
2019-09-06 15:05:14,609 DEBUG com.springboot.shoppingapp.controller.ShoppingController [http-nio-8089-exec-6] findAll()
2019-09-06 15:05:14,610 DEBUG com.springboot.shoppingapp.service.impl.UserServiceImpl [http-nio-8089-exec-6] getAll()
2019-09-06 15:05:17,886 DEBUG com.springboot.shoppingapp.controller.ShoppingController [http-nio-8089-exec-7] showCart(1)
2019-09-06 15:05:17,887 DEBUG com.springboot.shoppingapp.service.impl.UserServiceImpl [http-nio-8089-exec-7] viewCart(1)
2019-09-06 15:06:23,135 DEBUG com.springboot.shoppingapp.controller.ShoppingController [http-nio-8089-exec-9] showCart(1)
2019-09-06 15:06:23,135 DEBUG com.springboot.shoppingapp.service.impl.UserServiceImpl [http-nio-8089-exec-9] viewCart(1)
2019-09-06 15:06:27,422 DEBUG com.springboot.shoppingapp.controller.ShoppingController [http-nio-8089-exec-10] findAll()
2019-09-06 15:06:27,423 DEBUG com.springboot.shoppingapp.service.impl.UserServiceImpl [http-nio-8089-exec-10] getAll()
2019-09-06 15:06:28,567 DEBUG com.springboot.shoppingapp.controller.ShoppingController [http-nio-8089-exec-1] findAll()
2019-09-06 15:06:28,567 DEBUG com.springboot.shoppingapp.service.impl.UserServiceImpl [http-nio-8089-exec-1] getAll()
2019-09-06 15:06:29,787 DEBUG com.springboot.shoppingapp.controller.ShoppingController [http-nio-8089-exec-2] showCart(1)
2019-09-06 15:06:29,788 DEBUG com.springboot.shoppingapp.service.impl.UserServiceImpl [http-nio-8089-exec-2] viewCart(1)
2019-09-06 15:06:50,551 DEBUG com.springboot.shoppingapp.controller.ShoppingController [http-nio-8089-exec-3] showCart(1)
2019-09-06 15:06:50,552 DEBUG com.springboot.shoppingapp.service.impl.UserServiceImpl [http-nio-8089-exec-3] viewCart(1)
2019-09-06 15:07:25,971 DEBUG com.springboot.shoppingapp.controller.ShoppingController [http-nio-8089-exec-4] showCart(1)
2019-09-06 15:07:25,971 DEBUG com.springboot.shoppingapp.service.impl.UserServiceImpl [http-nio-8089-exec-4] viewCart(1)
2019-09-06 15:07:33,608 DEBUG com.springboot.shoppingapp.controller.ShoppingController [http-nio-8089-exec-5] showCart(1)
2019-09-06 15:07:33,609 DEBUG com.springboot.shoppingapp.service.impl.UserServiceImpl [http-nio-8089-exec-5] viewCart(1)
2019-09-06 15:07:36,078 DEBUG com.springboot.shoppingapp.controller.ShoppingController [http-nio-8089-exec-6] showCart(1)
2019-09-06 15:07:36,079 DEBUG com.springboot.shoppingapp.service.impl.UserServiceImpl [http-nio-8089-exec-6] viewCart(1)
2019-09-06 15:08:10,071 DEBUG com.springboot.shoppingapp.controller.ShoppingController [http-nio-8089-exec-7] showCart(1)
2019-09-06 15:08:10,072 DEBUG com.springboot.shoppingapp.service.impl.UserServiceImpl [http-nio-8089-exec-7] viewCart(1)
2019-09-06 15:08:11,296 DEBUG com.springboot.shoppingapp.controller.ShoppingController [http-nio-8089-exec-8] findAll()
2019-09-06 15:08:11,298 DEBUG com.springboot.shoppingapp.service.impl.UserServiceImpl [http-nio-8089-exec-8] getAll()
2019-09-06 15:08:14,403 DEBUG com.springboot.shoppingapp.controller.ShoppingController [http-nio-8089-exec-9] showCart(1)
2019-09-06 15:08:14,403 DEBUG com.springboot.shoppingapp.service.impl.UserServiceImpl [http-nio-8089-exec-9] viewCart(1)
